<?xml version="1.0" encoding="UTF-8"?>
<testsuite xmlns:xsi="http://www.w3.org/2001/XMLSchema-instance" xsi:noNamespaceSchemaLocation="https://maven.apache.org/surefire/maven-surefire-plugin/xsd/surefire-test-report-3.0.xsd" version="3.0" name="TestSuite" time="139.537" tests="12" errors="0" skipped="0" failures="1">
  <properties>
    <property name="java.specification.version" value="14"/>
    <property name="webdriver.chrome.driver" value="./lib/chromedriver.exe"/>
    <property name="sun.cpu.isalist" value="amd64"/>
    <property name="sun.jnu.encoding" value="Cp1252"/>
    <property name="java.class.path" value="C:\Users\alfin.anthonyraj\Automation_Selenium\yatra-online-booking\target\test-classes;C:\Users\alfin.anthonyraj\Automation_Selenium\yatra-online-booking\target\classes;C:\Users\alfin.anthonyraj\.m2\repository\log4j\log4j\1.2.17\log4j-1.2.17.jar;C:\Users\alfin.anthonyraj\.m2\repository\commons-io\commons-io\2.8.0\commons-io-2.8.0.jar;C:\Users\alfin.anthonyraj\.m2\repository\org\apache\poi\poi-ooxml\4.1.2\poi-ooxml-4.1.2.jar;C:\Users\alfin.anthonyraj\.m2\repository\org\apache\poi\poi-ooxml-schemas\4.1.2\poi-ooxml-schemas-4.1.2.jar;C:\Users\alfin.anthonyraj\.m2\repository\org\apache\xmlbeans\xmlbeans\3.1.0\xmlbeans-3.1.0.jar;C:\Users\alfin.anthonyraj\.m2\repository\org\apache\commons\commons-compress\1.19\commons-compress-1.19.jar;C:\Users\alfin.anthonyraj\.m2\repository\com\github\virtuald\curvesapi\1.06\curvesapi-1.06.jar;C:\Users\alfin.anthonyraj\.m2\repository\org\apache\poi\poi\4.1.2\poi-4.1.2.jar;C:\Users\alfin.anthonyraj\.m2\repository\commons-codec\commons-codec\1.13\commons-codec-1.13.jar;C:\Users\alfin.anthonyraj\.m2\repository\org\apache\commons\commons-collections4\4.4\commons-collections4-4.4.jar;C:\Users\alfin.anthonyraj\.m2\repository\org\apache\commons\commons-math3\3.6.1\commons-math3-3.6.1.jar;C:\Users\alfin.anthonyraj\.m2\repository\com\zaxxer\SparseBitSet\1.2\SparseBitSet-1.2.jar;C:\Users\alfin.anthonyraj\.m2\repository\org\seleniumhq\selenium\selenium-java\3.141.59\selenium-java-3.141.59.jar;C:\Users\alfin.anthonyraj\.m2\repository\org\seleniumhq\selenium\selenium-api\3.141.59\selenium-api-3.141.59.jar;C:\Users\alfin.anthonyraj\.m2\repository\org\seleniumhq\selenium\selenium-chrome-driver\3.141.59\selenium-chrome-driver-3.141.59.jar;C:\Users\alfin.anthonyraj\.m2\repository\org\seleniumhq\selenium\selenium-edge-driver\3.141.59\selenium-edge-driver-3.141.59.jar;C:\Users\alfin.anthonyraj\.m2\repository\org\seleniumhq\selenium\selenium-firefox-driver\3.141.59\selenium-firefox-driver-3.141.59.jar;C:\Users\alfin.anthonyraj\.m2\repository\org\seleniumhq\selenium\selenium-ie-driver\3.141.59\selenium-ie-driver-3.141.59.jar;C:\Users\alfin.anthonyraj\.m2\repository\org\seleniumhq\selenium\selenium-opera-driver\3.141.59\selenium-opera-driver-3.141.59.jar;C:\Users\alfin.anthonyraj\.m2\repository\org\seleniumhq\selenium\selenium-remote-driver\3.141.59\selenium-remote-driver-3.141.59.jar;C:\Users\alfin.anthonyraj\.m2\repository\org\seleniumhq\selenium\selenium-safari-driver\3.141.59\selenium-safari-driver-3.141.59.jar;C:\Users\alfin.anthonyraj\.m2\repository\org\seleniumhq\selenium\selenium-support\3.141.59\selenium-support-3.141.59.jar;C:\Users\alfin.anthonyraj\.m2\repository\net\bytebuddy\byte-buddy\1.8.15\byte-buddy-1.8.15.jar;C:\Users\alfin.anthonyraj\.m2\repository\org\apache\commons\commons-exec\1.3\commons-exec-1.3.jar;C:\Users\alfin.anthonyraj\.m2\repository\com\google\guava\guava\25.0-jre\guava-25.0-jre.jar;C:\Users\alfin.anthonyraj\.m2\repository\com\google\code\findbugs\jsr305\1.3.9\jsr305-1.3.9.jar;C:\Users\alfin.anthonyraj\.m2\repository\org\checkerframework\checker-compat-qual\2.0.0\checker-compat-qual-2.0.0.jar;C:\Users\alfin.anthonyraj\.m2\repository\com\google\errorprone\error_prone_annotations\2.1.3\error_prone_annotations-2.1.3.jar;C:\Users\alfin.anthonyraj\.m2\repository\com\google\j2objc\j2objc-annotations\1.1\j2objc-annotations-1.1.jar;C:\Users\alfin.anthonyraj\.m2\repository\org\codehaus\mojo\animal-sniffer-annotations\1.14\animal-sniffer-annotations-1.14.jar;C:\Users\alfin.anthonyraj\.m2\repository\com\squareup\okhttp3\okhttp\3.11.0\okhttp-3.11.0.jar;C:\Users\alfin.anthonyraj\.m2\repository\com\squareup\okio\okio\1.14.0\okio-1.14.0.jar;C:\Users\alfin.anthonyraj\.m2\repository\org\testng\testng\7.3.0\testng-7.3.0.jar;C:\Users\alfin.anthonyraj\.m2\repository\com\beust\jcommander\1.78\jcommander-1.78.jar;C:\Users\alfin.anthonyraj\.m2\repository\org\apache\ant\ant\1.10.3\ant-1.10.3.jar;C:\Users\alfin.anthonyraj\.m2\repository\org\apache\ant\ant-launcher\1.10.3\ant-launcher-1.10.3.jar;C:\Users\alfin.anthonyraj\.m2\repository\junit\junit\4.12\junit-4.12.jar;C:\Users\alfin.anthonyraj\.m2\repository\org\hamcrest\hamcrest-core\1.3\hamcrest-core-1.3.jar;C:\Users\alfin.anthonyraj\.m2\repository\com\google\inject\guice\4.2.2\guice-4.2.2-no_aop.jar;C:\Users\alfin.anthonyraj\.m2\repository\javax\inject\javax.inject\1\javax.inject-1.jar;C:\Users\alfin.anthonyraj\.m2\repository\aopalliance\aopalliance\1.0\aopalliance-1.0.jar;C:\Users\alfin.anthonyraj\.m2\repository\org\yaml\snakeyaml\1.21\snakeyaml-1.21.jar;"/>
    <property name="java.vm.vendor" value="Oracle Corporation"/>
    <property name="sun.arch.data.model" value="64"/>
    <property name="user.variant" value=""/>
    <property name="java.vendor.url" value="https://java.oracle.com/"/>
    <property name="user.timezone" value="Asia/Calcutta"/>
    <property name="os.name" value="Windows 10"/>
    <property name="java.vm.specification.version" value="14"/>
    <property name="sun.java.launcher" value="SUN_STANDARD"/>
    <property name="user.country" value="IN"/>
    <property name="sun.boot.library.path" value="C:\Program Files\Java\jdk-14.0.1\bin"/>
    <property name="sun.java.command" value="C:\Users\alfin.anthonyraj\AppData\Local\Temp\surefire8123786127018783737\surefirebooter17903177199772167824.jar C:\Users\alfin.anthonyraj\AppData\Local\Temp\surefire8123786127018783737 2020-12-14T18-32-51_376-jvmRun1 surefire47562981930026523tmp surefire_015226032782794140245tmp"/>
    <property name="jdk.debug" value="release"/>
    <property name="surefire.test.class.path" value="C:\Users\alfin.anthonyraj\Automation_Selenium\yatra-online-booking\target\test-classes;C:\Users\alfin.anthonyraj\Automation_Selenium\yatra-online-booking\target\classes;C:\Users\alfin.anthonyraj\.m2\repository\log4j\log4j\1.2.17\log4j-1.2.17.jar;C:\Users\alfin.anthonyraj\.m2\repository\commons-io\commons-io\2.8.0\commons-io-2.8.0.jar;C:\Users\alfin.anthonyraj\.m2\repository\org\apache\poi\poi-ooxml\4.1.2\poi-ooxml-4.1.2.jar;C:\Users\alfin.anthonyraj\.m2\repository\org\apache\poi\poi-ooxml-schemas\4.1.2\poi-ooxml-schemas-4.1.2.jar;C:\Users\alfin.anthonyraj\.m2\repository\org\apache\xmlbeans\xmlbeans\3.1.0\xmlbeans-3.1.0.jar;C:\Users\alfin.anthonyraj\.m2\repository\org\apache\commons\commons-compress\1.19\commons-compress-1.19.jar;C:\Users\alfin.anthonyraj\.m2\repository\com\github\virtuald\curvesapi\1.06\curvesapi-1.06.jar;C:\Users\alfin.anthonyraj\.m2\repository\org\apache\poi\poi\4.1.2\poi-4.1.2.jar;C:\Users\alfin.anthonyraj\.m2\repository\commons-codec\commons-codec\1.13\commons-codec-1.13.jar;C:\Users\alfin.anthonyraj\.m2\repository\org\apache\commons\commons-collections4\4.4\commons-collections4-4.4.jar;C:\Users\alfin.anthonyraj\.m2\repository\org\apache\commons\commons-math3\3.6.1\commons-math3-3.6.1.jar;C:\Users\alfin.anthonyraj\.m2\repository\com\zaxxer\SparseBitSet\1.2\SparseBitSet-1.2.jar;C:\Users\alfin.anthonyraj\.m2\repository\org\seleniumhq\selenium\selenium-java\3.141.59\selenium-java-3.141.59.jar;C:\Users\alfin.anthonyraj\.m2\repository\org\seleniumhq\selenium\selenium-api\3.141.59\selenium-api-3.141.59.jar;C:\Users\alfin.anthonyraj\.m2\repository\org\seleniumhq\selenium\selenium-chrome-driver\3.141.59\selenium-chrome-driver-3.141.59.jar;C:\Users\alfin.anthonyraj\.m2\repository\org\seleniumhq\selenium\selenium-edge-driver\3.141.59\selenium-edge-driver-3.141.59.jar;C:\Users\alfin.anthonyraj\.m2\repository\org\seleniumhq\selenium\selenium-firefox-driver\3.141.59\selenium-firefox-driver-3.141.59.jar;C:\Users\alfin.anthonyraj\.m2\repository\org\seleniumhq\selenium\selenium-ie-driver\3.141.59\selenium-ie-driver-3.141.59.jar;C:\Users\alfin.anthonyraj\.m2\repository\org\seleniumhq\selenium\selenium-opera-driver\3.141.59\selenium-opera-driver-3.141.59.jar;C:\Users\alfin.anthonyraj\.m2\repository\org\seleniumhq\selenium\selenium-remote-driver\3.141.59\selenium-remote-driver-3.141.59.jar;C:\Users\alfin.anthonyraj\.m2\repository\org\seleniumhq\selenium\selenium-safari-driver\3.141.59\selenium-safari-driver-3.141.59.jar;C:\Users\alfin.anthonyraj\.m2\repository\org\seleniumhq\selenium\selenium-support\3.141.59\selenium-support-3.141.59.jar;C:\Users\alfin.anthonyraj\.m2\repository\net\bytebuddy\byte-buddy\1.8.15\byte-buddy-1.8.15.jar;C:\Users\alfin.anthonyraj\.m2\repository\org\apache\commons\commons-exec\1.3\commons-exec-1.3.jar;C:\Users\alfin.anthonyraj\.m2\repository\com\google\guava\guava\25.0-jre\guava-25.0-jre.jar;C:\Users\alfin.anthonyraj\.m2\repository\com\google\code\findbugs\jsr305\1.3.9\jsr305-1.3.9.jar;C:\Users\alfin.anthonyraj\.m2\repository\org\checkerframework\checker-compat-qual\2.0.0\checker-compat-qual-2.0.0.jar;C:\Users\alfin.anthonyraj\.m2\repository\com\google\errorprone\error_prone_annotations\2.1.3\error_prone_annotations-2.1.3.jar;C:\Users\alfin.anthonyraj\.m2\repository\com\google\j2objc\j2objc-annotations\1.1\j2objc-annotations-1.1.jar;C:\Users\alfin.anthonyraj\.m2\repository\org\codehaus\mojo\animal-sniffer-annotations\1.14\animal-sniffer-annotations-1.14.jar;C:\Users\alfin.anthonyraj\.m2\repository\com\squareup\okhttp3\okhttp\3.11.0\okhttp-3.11.0.jar;C:\Users\alfin.anthonyraj\.m2\repository\com\squareup\okio\okio\1.14.0\okio-1.14.0.jar;C:\Users\alfin.anthonyraj\.m2\repository\org\testng\testng\7.3.0\testng-7.3.0.jar;C:\Users\alfin.anthonyraj\.m2\repository\com\beust\jcommander\1.78\jcommander-1.78.jar;C:\Users\alfin.anthonyraj\.m2\repository\org\apache\ant\ant\1.10.3\ant-1.10.3.jar;C:\Users\alfin.anthonyraj\.m2\repository\org\apache\ant\ant-launcher\1.10.3\ant-launcher-1.10.3.jar;C:\Users\alfin.anthonyraj\.m2\repository\junit\junit\4.12\junit-4.12.jar;C:\Users\alfin.anthonyraj\.m2\repository\org\hamcrest\hamcrest-core\1.3\hamcrest-core-1.3.jar;C:\Users\alfin.anthonyraj\.m2\repository\com\google\inject\guice\4.2.2\guice-4.2.2-no_aop.jar;C:\Users\alfin.anthonyraj\.m2\repository\javax\inject\javax.inject\1\javax.inject-1.jar;C:\Users\alfin.anthonyraj\.m2\repository\aopalliance\aopalliance\1.0\aopalliance-1.0.jar;C:\Users\alfin.anthonyraj\.m2\repository\org\yaml\snakeyaml\1.21\snakeyaml-1.21.jar;"/>
    <property name="sun.cpu.endian" value="little"/>
    <property name="user.home" value="C:\Users\alfin.anthonyraj"/>
    <property name="user.language" value="en"/>
    <property name="java.specification.vendor" value="Oracle Corporation"/>
    <property name="java.version.date" value="2020-04-14"/>
    <property name="java.home" value="C:\Program Files\Java\jdk-14.0.1"/>
    <property name="file.separator" value="\"/>
    <property name="basedir" value="C:\Users\alfin.anthonyraj\Automation_Selenium\yatra-online-booking"/>
    <property name="java.vm.compressedOopsMode" value="32-bit"/>
    <property name="line.separator" value="&#10;"/>
    <property name="java.vm.specification.vendor" value="Oracle Corporation"/>
    <property name="java.specification.name" value="Java Platform API Specification"/>
    <property name="surefire.real.class.path" value="C:\Users\alfin.anthonyraj\AppData\Local\Temp\surefire8123786127018783737\surefirebooter17903177199772167824.jar"/>
    <property name="user.script" value=""/>
    <property name="sun.management.compiler" value="HotSpot 64-Bit Tiered Compilers"/>
    <property name="java.runtime.version" value="14.0.1+7"/>
    <property name="user.name" value="Alfin.Anthonyraj"/>
    <property name="path.separator" value=";"/>
    <property name="os.version" value="10.0"/>
    <property name="java.runtime.name" value="Java(TM) SE Runtime Environment"/>
    <property name="file.encoding" value="Cp1252"/>
    <property name="java.vm.name" value="Java HotSpot(TM) 64-Bit Server VM"/>
    <property name="localRepository" value="C:\Users\alfin.anthonyraj\.m2\repository"/>
    <property name="java.vendor.url.bug" value="https://bugreport.java.com/bugreport/"/>
    <property name="java.io.tmpdir" value="C:\Users\ALFIN~1.ANT\AppData\Local\Temp\"/>
    <property name="java.version" value="14.0.1"/>
    <property name="user.dir" value="C:\Users\alfin.anthonyraj\Automation_Selenium\yatra-online-booking"/>
    <property name="os.arch" value="amd64"/>
    <property name="webdriver.gecko.driver" value="./lib/geckodriver.exe"/>
    <property name="java.vm.specification.name" value="Java Virtual Machine Specification"/>
    <property name="sun.os.patch.level" value=""/>
    <property name="java.library.path" value="C:\Program Files\Java\jdk-14.0.1\bin;C:\Windows\Sun\Java\bin;C:\Windows\system32;C:\Windows;C:/Program Files/Java/jdk-14.0.1/bin/server;C:/Program Files/Java/jdk-14.0.1/bin;C:\Program Files (x86)\Common Files\Oracle\Java\javapath;C:\Python38\Scripts\;C:\Python38\;C:\Windows\system32;C:\Windows;C:\Windows\System32\Wbem;C:\Windows\System32\WindowsPowerShell\v1.0\;C:\Windows\System32\OpenSSH\;C:\ProgramData\chocolatey\bin;C:\Program Files\nodejs\;C:\Program Files\Git\cmd;C:\Program Files\Git\mingw64\bin;C:\Program Files\Git\usr\bin;C:\Program Files\dotnet\;C:\Program Files\Microsoft SQL Server\130\Tools\Binn\;C:\Program Files\Microsoft SQL Server\Client SDK\ODBC\170\Tools\Binn\;C:\Program Files\MySQL\MySQL Shell 8.0\bin\;C:\Program Files\Java\jdk1.8.0_271\bin;C:\Program Files\apache-maven-3.6.3\bin;C:\Users\alfin.anthonyraj\.dotnet\tools;C:\Program Files (x86)\Sophos\Sophos SSL VPN Client\bin;;C:\Users\alfin.anthonyraj\AppData\Local\Programs\Microsoft VS Code\bin;C:\Users\alfin.anthonyraj\eclipse\java-2020-032\eclipse;;."/>
    <property name="java.vm.info" value="mixed mode, sharing"/>
    <property name="java.vendor" value="Oracle Corporation"/>
    <property name="java.vm.version" value="14.0.1+7"/>
    <property name="sun.io.unicode.encoding" value="UnicodeLittle"/>
    <property name="java.class.version" value="58.0"/>
  </properties>
  <testcase name="cruiseTest[Australia, 03-Jan-2021, 7 To 9 night(s), Carnival Cruise Lines](1)" classname="com.atmecs.yatra.testscript.YatraCruiseTest" time="5.801">
    <system-out><![CDATA[https://www.yatra.com/
cruiseTest Strated!!
Clicking the + More option
https://www.yatra.com/
cruiseTest Strated!!
Clicking the + More option
Clicking the cruise menu
Entering destination
Clicking the cruise menu
Entering depature date
Entering day_duration
Entering cruiseline
Clicking search cruise button
cruiseTest Passed!!
]]></system-out>
    <system-err><![CDATA[Dec 14, 2020 6:32:52 PM org.openqa.selenium.remote.DesiredCapabilities chrome
INFO: Using `new ChromeOptions()` is preferred to `DesiredCapabilities.chrome()`
Dec 14, 2020 6:32:52 PM org.openqa.selenium.remote.DesiredCapabilities chrome
INFO: Using `new ChromeOptions()` is preferred to `DesiredCapabilities.chrome()`
Dec 14, 2020 6:32:57 PM org.openqa.selenium.remote.ProtocolHandshake createSession
INFO: Detected dialect: W3C
Dec 14, 2020 6:32:57 PM org.openqa.selenium.remote.ProtocolHandshake createSession
INFO: Detected dialect: W3C
Starting ChromeDriver 86.0.4240.22 (398b0743353ff36fb1b82468f63a3a93b4e2e89e-refs/branch-heads/4240@{#378}) on port 28080
Only local connections are allowed.
Please see https://chromedriver.chromium.org/security-considerations for suggestions on keeping ChromeDriver safe.
1607950978076	geckodriver	INFO	Listening on 127.0.0.1:C2h5rom7e4D7r
iver was started successfully.
1607950978585	mozrunner::runner	INFO	Running command: "C:\\Program Files\\Mozilla Firefox\\firefox.exe" "--marionette" "-foreground" "-no-remote" "-profile" "C:\\Users\\ALFIN~1.ANT\\AppData\\Local\\Temp\\rust_mozprofileevxsTx"
[1607950979.426][WARNING]: This version of ChromeDriver has not been tested with Chrome version 87.
Can't find symbol 'eglSwapBuffersWithDamageEXT'.
Can't find symbol 'eglSetDamageRegionKHR'.
JavaScript error: resource://gre/modules/XULStore.jsm, line 66: Error: Can't find profile directory.
Dec 14, 2020 6:33:01 PM org.openqa.selenium.remote.ProtocolHandshake createSession
INFO: Detected dialect: W3C
console.warn: SearchSettings: "get: No settings file exists, new profile?" (new Error("", "(unknown module)"))
1607950983793	Marionette	INFO	Listening on port 55649
1607950983881	Marionette	WARN	TLS certificate errors will be ignored for this session
Dec 14, 2020 6:33:04 PM org.openqa.selenium.remote.ProtocolHandshake createSession
INFO: Detected dialect: W3C
]]></system-err>
  </testcase>
  <testcase name="cruiseTest[Australia, 03-Jan-2021, 7 To 9 night(s), Carnival Cruise Lines](1)" classname="com.atmecs.yatra.testscript.YatraCruiseTest" time="8.682">
    <system-out><![CDATA[Entering destination
Entering depature date
Entering day_duration
Entering cruiseline
Clicking search cruise button
cruiseTest Passed!!
]]></system-out>
    <system-err><![CDATA[1607950996519	Marionette	INFO	Stopped listening on port 55649

###!!! [Child][MessageChannel] Error: (msgtype=0x6B0027,name=PNecko::Msg_RemoveRequestContext) Channel closing: too late to send/recv, messages will be lost

[Parent 16740, Gecko_IOThread] WARNING: file /builds/worker/checkouts/gecko/ipc/chromium/src/base/process_util_win.cc:166

###!!! [Child][RunMessage] Error: Channel closing: too late to send/recv, messages will be lost


###!!! [Child][MessageChannel::SendAndWait] Error: Channel error: cannot send/recv

]]></system-err>
  </testcase>
  <testcase name="cruiseTest[Australasia, 06-Oct-2021, 1 To 3 night(s), Princess](2)" classname="com.atmecs.yatra.testscript.YatraCruiseTest" time="1.671">
    <system-out><![CDATA[https://www.yatra.com/
https://www.yatra.com/
cruiseTest Strated!!
Clicking the + More option
Clicking the cruise menu
Entering destination
cruiseTest Strated!!
Clicking the + More option
Clicking the cruise menu
Entering depature date
Entering day_duration
Entering cruiseline
Clicking search cruise button
cruiseTest Passed!!
]]></system-out>
    <system-err><![CDATA[Starting ChromeDriver 86.0.4240.22 (398b0743353ff36fb1b82468f63a3a93b4e2e89e-refs/branch-heads/4240@{#378}) on port 45382
Only local connections are allowed.
Please see https://chromedriver.chromium.org/security-considerations for suggestions on keeping ChromeDriver safe.
ChromeDriver was started successfully.
1607951002637	geckodriver	INFO	Listening on 127.0.0.1:47438
1607951003064	mozrunner::runner	INFO	Running command: "C:\\Program Files\\Mozilla Firefox\\firefox.exe" "--marionette" "-foreground" "-no-remote" "-profile" "C:\\Users\\ALFIN~1.ANT\\AppData\\Local\\Temp\\rust_mozprofileqrKcnT"
[1607951003.478][WARNING]: This version of ChromeDriver has not been tested with Chrome version 87.
Can't find symbol 'eglSwapBuffersWithDamageEXT'.
Can't find symbol 'eglSetDamageRegionKHR'.
JavaScript error: resource://gre/modules/XULStore.jsm, line 66: Error: Can't find profile directory.
Dec 14, 2020 6:33:25 PM org.openqa.selenium.remote.ProtocolHandshake createSession
INFO: Detected dialect: W3C
console.warn: SearchSettings: "get: No settings file exists, new profile?" (new Error("", "(unknown module)"))
1607951007469	Marionette	INFO	Listening on port 55820
1607951007839	Marionette	WARN	TLS certificate errors will be ignored for this session
Dec 14, 2020 6:33:28 PM org.openqa.selenium.remote.ProtocolHandshake createSession
INFO: Detected dialect: W3C
JavaScript error: resource://gre/modules/XULStore.jsm, line 66: Error: Can't find profile directory.
JavaScript error: resource://gre/modules/XULStore.jsm, line 66: Error: Can't find profile directory.
JavaScript error: resource://gre/modules/XULStore.jsm, line 66: Error: Can't find profile directory.
JavaScript error: resource://gre/modules/XULStore.jsm, line 66: Error: Can't find profile directory.
JavaScript error: resource://gre/modules/XULStore.jsm, line 66: Error: Can't find profile directory.
JavaScript error: resource://gre/modules/XULStore.jsm, line 66: Error: Can't find profile directory.
]]></system-err>
  </testcase>
  <testcase name="cruiseTest[Australasia, 06-Oct-2021, 1 To 3 night(s), Princess](2)" classname="com.atmecs.yatra.testscript.YatraCruiseTest" time="4.242">
    <system-out><![CDATA[Entering destination
Entering depature date
Entering day_duration
Entering cruiseline
Clicking search cruise button
cruiseTest Passed!!
]]></system-out>
    <system-err><![CDATA[1607951018086	Marionette	INFO	Stopped listening on port 55820

###!!! [Child][RunMessage] Error: Channel closing: too late to send/recv, messages will be lost


###!!! [Child][RunMessage] Error: Channel closing: too late to send/recv, messages will be lost


###!!! [Child][RunMessage] Error: Channel closing: too late to send/recv, messages will be lost


###!!! [Child][RunMessage] Error: Channel closing: too late to send/recv, messages will be lost


###!!! [Child][RunMessage] Error: Channel closing: too late to send/recv, messages will be lost


###!!! [Child][RunMessage] Error: Channel closing: too late to send/recv, messages will be lost


###!!! [Child][RunMessage] Error: Channel closing: too late to send/recv, messages will be lost


###!!! [Child][MessageChannel::SendAndWait] Error: Channel error: cannot send/recv

]]></system-err>
  </testcase>
  <testcase name="cruiseTest[Carribean, 04-Nov-2021, 7 To 9 night(s), MSC Cruises](3)" classname="com.atmecs.yatra.testscript.YatraCruiseTest" time="3.498">
    <system-out><![CDATA[https://www.yatra.com/
https://www.yatra.com/
cruiseTest Strated!!
Clicking the + More option
Clicking the cruise menu
cruiseTest Strated!!
Clicking the + More option
Clicking the cruise menu
Entering destination
Entering destination
Entering depature date
Entering day_duration
Entering cruiseline
Clicking search cruise button
Entering depature date
Entering day_duration
Entering cruiseline
cruiseTest Passed!!
]]></system-out>
    <system-err><![CDATA[Starting ChromeDriver 86.0.4240.22 (398b0743353ff36fb1b82468f63a3a93b4e2e89e-refs/branch-heads/4240@{#378}) on port 21332
Only local connections are allowed.
Please see https://chromedriver.chromium.org/security-considerations for suggestions on keeping ChromeDriver safe.
ChromeDriver was started successfully.
1607951023056	geckodriver	INFO	Listening on 127.0.0.1:35125
[1607951023.369][WARNING]: This version of ChromeDriver has not been tested with Chrome version 87.
1607951023433	mozrunner::runner	INFO	Running command: "C:\\Program Files\\Mozilla Firefox\\firefox.exe" "--marionette" "-foreground" "-no-remote" "-profile" "C:\\Users\\ALFIN~1.ANT\\AppData\\Local\\Temp\\rust_mozprofiledYxYLG"
Can't find symbol 'eglSwapBuffersWithDamageEXT'.
Can't find symbol 'eglSetDamageRegionKHR'.
Dec 14, 2020 6:33:45 PM org.openqa.selenium.remote.ProtocolHandshake createSession
INFO: Detected dialect: W3C
JavaScript error: resource://gre/modules/XULStore.jsm, line 66: Error: Can't find profile directory.
console.warn: SearchSettings: "get: No settings file exists, new profile?" (new Error("", "(unknown module)"))
1607951029044	Marionette	INFO	Listening on port 55968
1607951029232	Marionette	WARN	TLS certificate errors will be ignored for this session
Dec 14, 2020 6:33:49 PM org.openqa.selenium.remote.ProtocolHandshake createSession
INFO: Detected dialect: W3C
]]></system-err>
  </testcase>
  <testcase name="cruiseTest[Carribean, 04-Nov-2021, 7 To 9 night(s), MSC Cruises](3)" classname="com.atmecs.yatra.testscript.YatraCruiseTest" time="3.815">
    <system-out><![CDATA[Clicking search cruise button
cruiseTest Passed!!
]]></system-out>
    <system-err><![CDATA[1607951039531	Marionette	INFO	Stopped listening on port 55968
]]></system-err>
  </testcase>
  <testcase name="cruiseTest[Pacific Coastal , 01-Jan-2022, 1 To 3 night(s), Princess](4)" classname="com.atmecs.yatra.testscript.YatraCruiseTest" time="0.106">
    <system-out><![CDATA[https://www.yatra.com/
cruiseTest Strated!!
Clicking the + More option
Clicking the cruise menu
Entering destination
Entering depature date
Entering day_duration
Entering cruiseline
Clicking search cruise button
https://www.yatra.com/
cruiseTest Strated!!
Clicking the + More option
cruiseTest Passed!!
]]></system-out>
    <system-err><![CDATA[
###!!! [Child][RunMessage] Error: Channel closing: too late to send/recv, messages will be lost


###!!! [Child][MessageChannel::SendAndWait] Error: Channel error: cannot send/recv

Starting ChromeDriver 86.0.4240.22 (398b0743353ff36fb1b82468f63a3a93b4e2e89e-refs/branch-heads/4240@{#378}) on port 12209
Only local connections are allowed.
Please see https://chromedriver.chromium.org/security-considerations for suggestions on keeping ChromeDriver safe.
ChromeDriver was started successfully.
1607951045147	geckodriver	INFO	Listening on 127.0.0.1:36038
[1607951045.170][WARNING]: This version of ChromeDriver has not been tested with Chrome version 87.
1607951045468	mozrunner::runner	INFO	Running command: "C:\\Program Files\\Mozilla Firefox\\firefox.exe" "--marionette" "-foreground" "-no-remote" "-profile" "C:\\Users\\ALFIN~1.ANT\\AppData\\Local\\Temp\\rust_mozprofilekZ671e"
Can't find symbol 'eglSwapBuffersWithDamageEXT'.
Can't find symbol 'eglSetDamageRegionKHR'.
Dec 14, 2020 6:34:07 PM org.openqa.selenium.remote.ProtocolHandshake createSession
INFO: Detected dialect: W3C
JavaScript error: resource://gre/modules/XULStore.jsm, line 66: Error: Can't find profile directory.
console.warn: SearchSettings: "get: No settings file exists, new profile?" (new Error("", "(unknown module)"))
1607951050448	Marionette	INFO	Listening on port 56116
1607951050800	Marionette	WARN	TLS certificate errors will be ignored for this session
Dec 14, 2020 6:34:10 PM org.openqa.selenium.remote.ProtocolHandshake createSession
INFO: Detected dialect: W3C
[Parent 15504, Gecko_IOThread] WARNING: file /builds/worker/checkouts/gecko/ipc/chromium/src/base/process_util_win.cc:166
]]></system-err>
  </testcase>
  <testcase name="cruiseTest[Pacific Coastal , 01-Jan-2022, 1 To 3 night(s), Princess](4)" classname="com.atmecs.yatra.testscript.YatraCruiseTest" time="6.283">
    <system-out><![CDATA[Clicking the cruise menu
Entering destination
Entering depature date
Entering day_duration
Entering cruiseline
Clicking search cruise button
cruiseTest Passed!!
]]></system-out>
    <system-err><![CDATA[JavaScript error: https://maps.googleapis.com/maps/api/js?v=3.exp&sensor=false&libraries=places&key=AIzaSyB4sGAxEo3R5F3nqLZ7qZcFIPVjDPrsgLI, line 89: Error: Could not load "util".
Starting ChromeDriver 86.0.4240.22 (398b0743353ff36fb1b82468f63a3a93b4e2e89e-refs/branch-heads/4240@{#378}) on port 35703
Only local connections are allowed.
Please see https://chromedriver.chromium.org/security-considerations for suggestions on keeping ChromeDriver safe.
ChromeDriver was started successfully.
[1607951062.580][WARNING]: This version of ChromeDriver has not been tested with Chrome version 87.
Dec 14, 2020 6:34:24 PM org.openqa.selenium.remote.ProtocolHandshake createSession
INFO: Detected dialect: W3C
]]></system-err>
  </testcase>
  <testcase name="cruiseTest[Carribean Eastern, 01-Mar-2022, 14 and more night(s), Holland America](5)" classname="com.atmecs.yatra.testscript.YatraCruiseTest" time="9.538">
    <system-out><![CDATA[https://www.yatra.com/
cruiseTest Strated!!
Clicking the + More option
Clicking the cruise menu
Entering destination
Entering depature date
Entering day_duration
Entering cruiseline
Clicking search cruise button
cruiseTest Passed!!
]]></system-out>
    <system-err><![CDATA[1607951066059	Marionette	INFO	Stopped listening on port 56116

###!!! [Child][RunMessage] Error: Channel closing: too late to send/recv, messages will be lost


###!!! [Child][MessageChannel::SendAndWait] Error: Channel error: cannot send/recv

1607951069665	geckodriver	INFO	Listening on 127.0.0.1:30584
1607951070124	mozrunner::runner	INFO	Running command: "C:\\Program Files\\Mozilla Firefox\\firefox.exe" "--marionette" "-foreground" "-no-remote" "-profile" "C:\\Users\\ALFIN~1.ANT\\AppData\\Local\\Temp\\rust_mozprofileCMKmla"
Can't find symbol 'eglSwapBuffersWithDamageEXT'.
Can't find symbol 'eglSetDamageRegionKHR'.
JavaScript error: resource://gre/modules/XULStore.jsm, line 66: Error: Can't find profile directory.
console.warn: SearchSettings: "get: No settings file exists, new profile?" (new Error("", "(unknown module)"))
1607951074114	Marionette	INFO	Listening on port 56270
1607951074335	Marionette	WARN	TLS certificate errors will be ignored for this session
Dec 14, 2020 6:34:34 PM org.openqa.selenium.remote.ProtocolHandshake createSession
INFO: Detected dialect: W3C
]]></system-err>
  </testcase>
  <testcase name="cruiseTest[Carribean Eastern, 01-Mar-2022, 14 and more night(s), Holland America](5)" classname="com.atmecs.yatra.testscript.YatraCruiseTest" time="1.452">
    <failure message="Element &lt;li class=&quot;list-more-tab&quot;&gt; is not clickable at point (730,59) because another element &lt;iframe id=&quot;webklipper-publisher-widget-container-notification-frame&quot; name=&quot;notification-frame-~55870753&quot;&gt; obscures it&#10;Build info: version: &apos;3.141.59&apos;, revision: &apos;e82be7d358&apos;, time: &apos;2018-11-14T08:17:03&apos;&#10;System info: host: &apos;ATMECSINLT-601&apos;, ip: &apos;192.168.163.1&apos;, os.name: &apos;Windows 10&apos;, os.arch: &apos;amd64&apos;, os.version: &apos;10.0&apos;, java.version: &apos;14.0.1&apos;&#10;Driver info: org.openqa.selenium.firefox.FirefoxDriver&#10;Capabilities {acceptInsecureCerts: true, browserName: firefox, browserVersion: 83.0, javascriptEnabled: true, moz:accessibilityChecks: false, moz:buildID: 20201112153044, moz:geckodriverVersion: 0.28.0, moz:headless: false, moz:processID: 3380, moz:profile: C:\Users\alfin.anthonyraj\A..., moz:shutdownTimeout: 60000, moz:useNonSpecCompliantPointerOrigin: false, moz:webdriverClick: true, pageLoadStrategy: normal, platform: WINDOWS, platformName: WINDOWS, platformVersion: 10.0, rotatable: false, setWindowRect: true, strictFileInteractability: false, timeouts: {implicit: 0, pageLoad: 300000, script: 30000}, unhandledPromptBehavior: dismiss and notify}&#10;Session ID: 71b3023b-4975-4698-aa1e-94552403bef7" type="org.openqa.selenium.ElementClickInterceptedException"><![CDATA[org.openqa.selenium.ElementClickInterceptedException: 
Element <li class="list-more-tab"> is not clickable at point (730,59) because another element <iframe id="webklipper-publisher-widget-container-notification-frame" name="notification-frame-~55870753"> obscures it
Build info: version: '3.141.59', revision: 'e82be7d358', time: '2018-11-14T08:17:03'
System info: host: 'ATMECSINLT-601', ip: '192.168.163.1', os.name: 'Windows 10', os.arch: 'amd64', os.version: '10.0', java.version: '14.0.1'
Driver info: org.openqa.selenium.firefox.FirefoxDriver
Capabilities {acceptInsecureCerts: true, browserName: firefox, browserVersion: 83.0, javascriptEnabled: true, moz:accessibilityChecks: false, moz:buildID: 20201112153044, moz:geckodriverVersion: 0.28.0, moz:headless: false, moz:processID: 3380, moz:profile: C:\Users\alfin.anthonyraj\A..., moz:shutdownTimeout: 60000, moz:useNonSpecCompliantPointerOrigin: false, moz:webdriverClick: true, pageLoadStrategy: normal, platform: WINDOWS, platformName: WINDOWS, platformVersion: 10.0, rotatable: false, setWindowRect: true, strictFileInteractability: false, timeouts: {implicit: 0, pageLoad: 300000, script: 30000}, unhandledPromptBehavior: dismiss and notify}
Session ID: 71b3023b-4975-4698-aa1e-94552403bef7
	at com.atmecs.yatra.testscript.YatraCruiseTest.cruiseTest(YatraCruiseTest.java:16)
]]></failure>
    <system-out><![CDATA[https://www.yatra.com/
https://www.yatra.com/
cruiseTest Strated!!
Clicking the + More option
cruiseTest Failed!!
]]></system-out>
    <system-err><![CDATA[Starting ChromeDriver 86.0.4240.22 (398b0743353ff36fb1b82468f63a3a93b4e2e89e-refs/branch-heads/4240@{#378}) on port 15561
Only local connections are allowed.
Please see https://chromedriver.chromium.org/security-considerations for suggestions on keeping ChromeDriver safe.
ChromeDriver was started successfully.
[1607951081.913][WARNING]: This version of ChromeDriver has not been tested with Chrome version 87.
JavaScript warning: https://ssl.widgets.webengage.com/js/jquery/jquery-1.3.2.min.js, line 19: unreachable code after return statement
Dec 14, 2020 6:34:43 PM org.openqa.selenium.remote.ProtocolHandshake createSession
INFO: Detected dialect: W3C
]]></system-err>
  </testcase>
  <testcase name="yatraMonuments" classname="com.atmecs.yatra.testscript.YatraMonumentsTest" time="1.064">
    <system-out><![CDATA[yatraMonuments Strated!!
Clicking the + More option
Clicking the Monument tab
Checking the top monument section
Section is displayed
Monuments are displayed under the Top Monuments section:6
Top Monuments:true
Top Monuments:true
Top Monuments:true
Top Monuments:true
Top Monuments:true
Top Monuments:true
yatraMonuments Passed!!
]]></system-out>
    <system-err><![CDATA[1607951088750	Marionette	INFO	Stopped listening on port 56270

###!!! [Child][RunMessage] Error: Channel closing: too late to send/recv, messages will be lost


###!!! [Child][MessageChannel::SendAndWait] Error: Channel error: cannot send/recv

]]></system-err>
  </testcase>
  <testcase name="yatraMonuments" classname="com.atmecs.yatra.testscript.YatraMonumentsTest" time="0.773">
    <system-out><![CDATA[https://www.yatra.com/
yatraMonuments Strated!!
Clicking the + More option
Clicking the Monument tab
Checking the top monument section
Section is displayed
Monuments are displayed under the Top Monuments section:6
Top Monuments:true
Top Monuments:true
Top Monuments:true
Top Monuments:true
Top Monuments:true
Top Monuments:true
yatraMonuments Passed!!
]]></system-out>
    <system-err><![CDATA[1607951092972	geckodriver	INFO	Listening on 127.0.0.1:43905
1607951093570	mozrunner::runner	INFO	Running command: "C:\\Program Files\\Mozilla Firefox\\firefox.exe" "--marionette" "-foreground" "-no-remote" "-profile" "C:\\Users\\ALFIN~1.ANT\\AppData\\Local\\Temp\\rust_mozprofileFbXoYl"
Can't find symbol 'eglSwapBuffersWithDamageEXT'.
Can't find symbol 'eglSetDamageRegionKHR'.
JavaScript error: resource://gre/modules/XULStore.jsm, line 66: Error: Can't find profile directory.
console.warn: SearchSettings: "get: No settings file exists, new profile?" (new Error("", "(unknown module)"))
1607951099477	Marionette	INFO	Listening on port 56454
1607951100424	Marionette	WARN	TLS certificate errors will be ignored for this session
Dec 14, 2020 6:35:00 PM org.openqa.selenium.remote.ProtocolHandshake createSession
INFO: Detected dialect: W3C
]]></system-err>
  </testcase>
</testsuite>