<?xml version="1.0" encoding="UTF-8"?>
<testsuite xmlns:xsi="http://www.w3.org/2001/XMLSchema-instance" xsi:noNamespaceSchemaLocation="https://maven.apache.org/surefire/maven-surefire-plugin/xsd/surefire-test-report-3.0.xsd" version="3.0" name="TestSuite" time="176.62" tests="12" errors="0" skipped="0" failures="3">
  <properties>
    <property name="java.specification.version" value="14"/>
    <property name="webdriver.chrome.driver" value="./lib/chromedriver.exe"/>
    <property name="sun.cpu.isalist" value="amd64"/>
    <property name="sun.jnu.encoding" value="Cp1252"/>
    <property name="java.class.path" value="C:\Users\alfin.anthonyraj\Automation_Selenium\yatra-online-booking\target\test-classes;C:\Users\alfin.anthonyraj\Automation_Selenium\yatra-online-booking\target\classes;C:\Users\alfin.anthonyraj\.m2\repository\log4j\log4j\1.2.17\log4j-1.2.17.jar;C:\Users\alfin.anthonyraj\.m2\repository\commons-io\commons-io\2.8.0\commons-io-2.8.0.jar;C:\Users\alfin.anthonyraj\.m2\repository\org\apache\poi\poi-ooxml\4.1.2\poi-ooxml-4.1.2.jar;C:\Users\alfin.anthonyraj\.m2\repository\org\apache\poi\poi-ooxml-schemas\4.1.2\poi-ooxml-schemas-4.1.2.jar;C:\Users\alfin.anthonyraj\.m2\repository\org\apache\xmlbeans\xmlbeans\3.1.0\xmlbeans-3.1.0.jar;C:\Users\alfin.anthonyraj\.m2\repository\org\apache\commons\commons-compress\1.19\commons-compress-1.19.jar;C:\Users\alfin.anthonyraj\.m2\repository\com\github\virtuald\curvesapi\1.06\curvesapi-1.06.jar;C:\Users\alfin.anthonyraj\.m2\repository\org\apache\poi\poi\4.1.2\poi-4.1.2.jar;C:\Users\alfin.anthonyraj\.m2\repository\commons-codec\commons-codec\1.13\commons-codec-1.13.jar;C:\Users\alfin.anthonyraj\.m2\repository\org\apache\commons\commons-collections4\4.4\commons-collections4-4.4.jar;C:\Users\alfin.anthonyraj\.m2\repository\org\apache\commons\commons-math3\3.6.1\commons-math3-3.6.1.jar;C:\Users\alfin.anthonyraj\.m2\repository\com\zaxxer\SparseBitSet\1.2\SparseBitSet-1.2.jar;C:\Users\alfin.anthonyraj\.m2\repository\org\seleniumhq\selenium\selenium-java\3.141.59\selenium-java-3.141.59.jar;C:\Users\alfin.anthonyraj\.m2\repository\org\seleniumhq\selenium\selenium-api\3.141.59\selenium-api-3.141.59.jar;C:\Users\alfin.anthonyraj\.m2\repository\org\seleniumhq\selenium\selenium-chrome-driver\3.141.59\selenium-chrome-driver-3.141.59.jar;C:\Users\alfin.anthonyraj\.m2\repository\org\seleniumhq\selenium\selenium-edge-driver\3.141.59\selenium-edge-driver-3.141.59.jar;C:\Users\alfin.anthonyraj\.m2\repository\org\seleniumhq\selenium\selenium-firefox-driver\3.141.59\selenium-firefox-driver-3.141.59.jar;C:\Users\alfin.anthonyraj\.m2\repository\org\seleniumhq\selenium\selenium-ie-driver\3.141.59\selenium-ie-driver-3.141.59.jar;C:\Users\alfin.anthonyraj\.m2\repository\org\seleniumhq\selenium\selenium-opera-driver\3.141.59\selenium-opera-driver-3.141.59.jar;C:\Users\alfin.anthonyraj\.m2\repository\org\seleniumhq\selenium\selenium-remote-driver\3.141.59\selenium-remote-driver-3.141.59.jar;C:\Users\alfin.anthonyraj\.m2\repository\org\seleniumhq\selenium\selenium-safari-driver\3.141.59\selenium-safari-driver-3.141.59.jar;C:\Users\alfin.anthonyraj\.m2\repository\org\seleniumhq\selenium\selenium-support\3.141.59\selenium-support-3.141.59.jar;C:\Users\alfin.anthonyraj\.m2\repository\net\bytebuddy\byte-buddy\1.8.15\byte-buddy-1.8.15.jar;C:\Users\alfin.anthonyraj\.m2\repository\org\apache\commons\commons-exec\1.3\commons-exec-1.3.jar;C:\Users\alfin.anthonyraj\.m2\repository\com\google\guava\guava\25.0-jre\guava-25.0-jre.jar;C:\Users\alfin.anthonyraj\.m2\repository\com\google\code\findbugs\jsr305\1.3.9\jsr305-1.3.9.jar;C:\Users\alfin.anthonyraj\.m2\repository\org\checkerframework\checker-compat-qual\2.0.0\checker-compat-qual-2.0.0.jar;C:\Users\alfin.anthonyraj\.m2\repository\com\google\errorprone\error_prone_annotations\2.1.3\error_prone_annotations-2.1.3.jar;C:\Users\alfin.anthonyraj\.m2\repository\com\google\j2objc\j2objc-annotations\1.1\j2objc-annotations-1.1.jar;C:\Users\alfin.anthonyraj\.m2\repository\org\codehaus\mojo\animal-sniffer-annotations\1.14\animal-sniffer-annotations-1.14.jar;C:\Users\alfin.anthonyraj\.m2\repository\com\squareup\okhttp3\okhttp\3.11.0\okhttp-3.11.0.jar;C:\Users\alfin.anthonyraj\.m2\repository\com\squareup\okio\okio\1.14.0\okio-1.14.0.jar;C:\Users\alfin.anthonyraj\.m2\repository\org\testng\testng\7.3.0\testng-7.3.0.jar;C:\Users\alfin.anthonyraj\.m2\repository\com\beust\jcommander\1.78\jcommander-1.78.jar;C:\Users\alfin.anthonyraj\.m2\repository\org\apache\ant\ant\1.10.3\ant-1.10.3.jar;C:\Users\alfin.anthonyraj\.m2\repository\org\apache\ant\ant-launcher\1.10.3\ant-launcher-1.10.3.jar;C:\Users\alfin.anthonyraj\.m2\repository\junit\junit\4.12\junit-4.12.jar;C:\Users\alfin.anthonyraj\.m2\repository\org\hamcrest\hamcrest-core\1.3\hamcrest-core-1.3.jar;C:\Users\alfin.anthonyraj\.m2\repository\com\google\inject\guice\4.2.2\guice-4.2.2-no_aop.jar;C:\Users\alfin.anthonyraj\.m2\repository\javax\inject\javax.inject\1\javax.inject-1.jar;C:\Users\alfin.anthonyraj\.m2\repository\aopalliance\aopalliance\1.0\aopalliance-1.0.jar;C:\Users\alfin.anthonyraj\.m2\repository\org\yaml\snakeyaml\1.21\snakeyaml-1.21.jar;"/>
    <property name="java.vm.vendor" value="Oracle Corporation"/>
    <property name="sun.arch.data.model" value="64"/>
    <property name="user.variant" value=""/>
    <property name="java.vendor.url" value="https://java.oracle.com/"/>
    <property name="user.timezone" value="Asia/Calcutta"/>
    <property name="os.name" value="Windows 10"/>
    <property name="java.vm.specification.version" value="14"/>
    <property name="sun.java.launcher" value="SUN_STANDARD"/>
    <property name="user.country" value="IN"/>
    <property name="sun.boot.library.path" value="C:\Program Files\Java\jdk-14.0.1\bin"/>
    <property name="sun.java.command" value="C:\Users\alfin.anthonyraj\AppData\Local\Temp\surefire4321712833789071792\surefirebooter9133890567444222524.jar C:\Users\alfin.anthonyraj\AppData\Local\Temp\surefire4321712833789071792 2020-12-14T18-18-09_520-jvmRun1 surefire16583766086144251396tmp surefire_03709796486390912420tmp"/>
    <property name="jdk.debug" value="release"/>
    <property name="surefire.test.class.path" value="C:\Users\alfin.anthonyraj\Automation_Selenium\yatra-online-booking\target\test-classes;C:\Users\alfin.anthonyraj\Automation_Selenium\yatra-online-booking\target\classes;C:\Users\alfin.anthonyraj\.m2\repository\log4j\log4j\1.2.17\log4j-1.2.17.jar;C:\Users\alfin.anthonyraj\.m2\repository\commons-io\commons-io\2.8.0\commons-io-2.8.0.jar;C:\Users\alfin.anthonyraj\.m2\repository\org\apache\poi\poi-ooxml\4.1.2\poi-ooxml-4.1.2.jar;C:\Users\alfin.anthonyraj\.m2\repository\org\apache\poi\poi-ooxml-schemas\4.1.2\poi-ooxml-schemas-4.1.2.jar;C:\Users\alfin.anthonyraj\.m2\repository\org\apache\xmlbeans\xmlbeans\3.1.0\xmlbeans-3.1.0.jar;C:\Users\alfin.anthonyraj\.m2\repository\org\apache\commons\commons-compress\1.19\commons-compress-1.19.jar;C:\Users\alfin.anthonyraj\.m2\repository\com\github\virtuald\curvesapi\1.06\curvesapi-1.06.jar;C:\Users\alfin.anthonyraj\.m2\repository\org\apache\poi\poi\4.1.2\poi-4.1.2.jar;C:\Users\alfin.anthonyraj\.m2\repository\commons-codec\commons-codec\1.13\commons-codec-1.13.jar;C:\Users\alfin.anthonyraj\.m2\repository\org\apache\commons\commons-collections4\4.4\commons-collections4-4.4.jar;C:\Users\alfin.anthonyraj\.m2\repository\org\apache\commons\commons-math3\3.6.1\commons-math3-3.6.1.jar;C:\Users\alfin.anthonyraj\.m2\repository\com\zaxxer\SparseBitSet\1.2\SparseBitSet-1.2.jar;C:\Users\alfin.anthonyraj\.m2\repository\org\seleniumhq\selenium\selenium-java\3.141.59\selenium-java-3.141.59.jar;C:\Users\alfin.anthonyraj\.m2\repository\org\seleniumhq\selenium\selenium-api\3.141.59\selenium-api-3.141.59.jar;C:\Users\alfin.anthonyraj\.m2\repository\org\seleniumhq\selenium\selenium-chrome-driver\3.141.59\selenium-chrome-driver-3.141.59.jar;C:\Users\alfin.anthonyraj\.m2\repository\org\seleniumhq\selenium\selenium-edge-driver\3.141.59\selenium-edge-driver-3.141.59.jar;C:\Users\alfin.anthonyraj\.m2\repository\org\seleniumhq\selenium\selenium-firefox-driver\3.141.59\selenium-firefox-driver-3.141.59.jar;C:\Users\alfin.anthonyraj\.m2\repository\org\seleniumhq\selenium\selenium-ie-driver\3.141.59\selenium-ie-driver-3.141.59.jar;C:\Users\alfin.anthonyraj\.m2\repository\org\seleniumhq\selenium\selenium-opera-driver\3.141.59\selenium-opera-driver-3.141.59.jar;C:\Users\alfin.anthonyraj\.m2\repository\org\seleniumhq\selenium\selenium-remote-driver\3.141.59\selenium-remote-driver-3.141.59.jar;C:\Users\alfin.anthonyraj\.m2\repository\org\seleniumhq\selenium\selenium-safari-driver\3.141.59\selenium-safari-driver-3.141.59.jar;C:\Users\alfin.anthonyraj\.m2\repository\org\seleniumhq\selenium\selenium-support\3.141.59\selenium-support-3.141.59.jar;C:\Users\alfin.anthonyraj\.m2\repository\net\bytebuddy\byte-buddy\1.8.15\byte-buddy-1.8.15.jar;C:\Users\alfin.anthonyraj\.m2\repository\org\apache\commons\commons-exec\1.3\commons-exec-1.3.jar;C:\Users\alfin.anthonyraj\.m2\repository\com\google\guava\guava\25.0-jre\guava-25.0-jre.jar;C:\Users\alfin.anthonyraj\.m2\repository\com\google\code\findbugs\jsr305\1.3.9\jsr305-1.3.9.jar;C:\Users\alfin.anthonyraj\.m2\repository\org\checkerframework\checker-compat-qual\2.0.0\checker-compat-qual-2.0.0.jar;C:\Users\alfin.anthonyraj\.m2\repository\com\google\errorprone\error_prone_annotations\2.1.3\error_prone_annotations-2.1.3.jar;C:\Users\alfin.anthonyraj\.m2\repository\com\google\j2objc\j2objc-annotations\1.1\j2objc-annotations-1.1.jar;C:\Users\alfin.anthonyraj\.m2\repository\org\codehaus\mojo\animal-sniffer-annotations\1.14\animal-sniffer-annotations-1.14.jar;C:\Users\alfin.anthonyraj\.m2\repository\com\squareup\okhttp3\okhttp\3.11.0\okhttp-3.11.0.jar;C:\Users\alfin.anthonyraj\.m2\repository\com\squareup\okio\okio\1.14.0\okio-1.14.0.jar;C:\Users\alfin.anthonyraj\.m2\repository\org\testng\testng\7.3.0\testng-7.3.0.jar;C:\Users\alfin.anthonyraj\.m2\repository\com\beust\jcommander\1.78\jcommander-1.78.jar;C:\Users\alfin.anthonyraj\.m2\repository\org\apache\ant\ant\1.10.3\ant-1.10.3.jar;C:\Users\alfin.anthonyraj\.m2\repository\org\apache\ant\ant-launcher\1.10.3\ant-launcher-1.10.3.jar;C:\Users\alfin.anthonyraj\.m2\repository\junit\junit\4.12\junit-4.12.jar;C:\Users\alfin.anthonyraj\.m2\repository\org\hamcrest\hamcrest-core\1.3\hamcrest-core-1.3.jar;C:\Users\alfin.anthonyraj\.m2\repository\com\google\inject\guice\4.2.2\guice-4.2.2-no_aop.jar;C:\Users\alfin.anthonyraj\.m2\repository\javax\inject\javax.inject\1\javax.inject-1.jar;C:\Users\alfin.anthonyraj\.m2\repository\aopalliance\aopalliance\1.0\aopalliance-1.0.jar;C:\Users\alfin.anthonyraj\.m2\repository\org\yaml\snakeyaml\1.21\snakeyaml-1.21.jar;"/>
    <property name="sun.cpu.endian" value="little"/>
    <property name="user.home" value="C:\Users\alfin.anthonyraj"/>
    <property name="user.language" value="en"/>
    <property name="java.specification.vendor" value="Oracle Corporation"/>
    <property name="java.version.date" value="2020-04-14"/>
    <property name="java.home" value="C:\Program Files\Java\jdk-14.0.1"/>
    <property name="file.separator" value="\"/>
    <property name="basedir" value="C:\Users\alfin.anthonyraj\Automation_Selenium\yatra-online-booking"/>
    <property name="java.vm.compressedOopsMode" value="32-bit"/>
    <property name="line.separator" value="&#10;"/>
    <property name="java.vm.specification.vendor" value="Oracle Corporation"/>
    <property name="java.specification.name" value="Java Platform API Specification"/>
    <property name="surefire.real.class.path" value="C:\Users\alfin.anthonyraj\AppData\Local\Temp\surefire4321712833789071792\surefirebooter9133890567444222524.jar"/>
    <property name="user.script" value=""/>
    <property name="sun.management.compiler" value="HotSpot 64-Bit Tiered Compilers"/>
    <property name="java.runtime.version" value="14.0.1+7"/>
    <property name="user.name" value="Alfin.Anthonyraj"/>
    <property name="path.separator" value=";"/>
    <property name="os.version" value="10.0"/>
    <property name="java.runtime.name" value="Java(TM) SE Runtime Environment"/>
    <property name="file.encoding" value="Cp1252"/>
    <property name="java.vm.name" value="Java HotSpot(TM) 64-Bit Server VM"/>
    <property name="localRepository" value="C:\Users\alfin.anthonyraj\.m2\repository"/>
    <property name="java.vendor.url.bug" value="https://bugreport.java.com/bugreport/"/>
    <property name="java.io.tmpdir" value="C:\Users\ALFIN~1.ANT\AppData\Local\Temp\"/>
    <property name="java.version" value="14.0.1"/>
    <property name="user.dir" value="C:\Users\alfin.anthonyraj\Automation_Selenium\yatra-online-booking"/>
    <property name="os.arch" value="amd64"/>
    <property name="webdriver.gecko.driver" value="./lib/geckodriver.exe"/>
    <property name="java.vm.specification.name" value="Java Virtual Machine Specification"/>
    <property name="sun.os.patch.level" value=""/>
    <property name="java.library.path" value="C:\Program Files\Java\jdk-14.0.1\bin;C:\Windows\Sun\Java\bin;C:\Windows\system32;C:\Windows;C:/Program Files/Java/jdk-14.0.1/bin/server;C:/Program Files/Java/jdk-14.0.1/bin;C:\Program Files (x86)\Common Files\Oracle\Java\javapath;C:\Python38\Scripts\;C:\Python38\;C:\Windows\system32;C:\Windows;C:\Windows\System32\Wbem;C:\Windows\System32\WindowsPowerShell\v1.0\;C:\Windows\System32\OpenSSH\;C:\ProgramData\chocolatey\bin;C:\Program Files\nodejs\;C:\Program Files\Git\cmd;C:\Program Files\Git\mingw64\bin;C:\Program Files\Git\usr\bin;C:\Program Files\dotnet\;C:\Program Files\Microsoft SQL Server\130\Tools\Binn\;C:\Program Files\Microsoft SQL Server\Client SDK\ODBC\170\Tools\Binn\;C:\Program Files\MySQL\MySQL Shell 8.0\bin\;C:\Program Files\Java\jdk1.8.0_271\bin;C:\Program Files\apache-maven-3.6.3\bin;C:\Users\alfin.anthonyraj\.dotnet\tools;C:\Program Files (x86)\Sophos\Sophos SSL VPN Client\bin;;C:\Users\alfin.anthonyraj\AppData\Local\Programs\Microsoft VS Code\bin;C:\Users\alfin.anthonyraj\eclipse\java-2020-032\eclipse;;."/>
    <property name="java.vm.info" value="mixed mode, sharing"/>
    <property name="java.vendor" value="Oracle Corporation"/>
    <property name="java.vm.version" value="14.0.1+7"/>
    <property name="sun.io.unicode.encoding" value="UnicodeLittle"/>
    <property name="java.class.version" value="58.0"/>
  </properties>
  <testcase name="cruiseTest[Australia, 03-Jan-2021, 7 To 9 night(s), Carnival Cruise Lines](1)" classname="com.atmecs.yatra.testscript.YatraCruiseTest" time="2.359">
    <system-out><![CDATA[https://www.yatra.com/
cruiseTest Strated!!
Clicking the + More option
Clicking the cruise menu
Entering destination
https://www.yatra.com/
cruiseTest Strated!!
Clicking the + More option
Clicking the cruise menu
Entering depature date
Entering day_duration
Entering cruiseline
Clicking search cruise button
cruiseTest Passed!!
]]></system-out>
    <system-err><![CDATA[Dec 14, 2020 6:18:11 PM org.openqa.selenium.remote.DesiredCapabilities chrome
INFO: Using `new ChromeOptions()` is preferred to `DesiredCapabilities.chrome()`
Dec 14, 2020 6:18:11 PM org.openqa.selenium.remote.DesiredCapabilities chrome
INFO: Using `new ChromeOptions()` is preferred to `DesiredCapabilities.chrome()`
Dec 14, 2020 6:18:15 PM org.openqa.selenium.remote.ProtocolHandshake createSession
INFO: Detected dialect: W3C
Dec 14, 2020 6:18:15 PM org.openqa.selenium.remote.ProtocolHandshake createSession
INFO: Detected dialect: W3C
Starting ChromeDriver 86.0.4240.22 (398b0743353ff36fb1b82468f63a3a93b4e2e89e-refs/branch-heads/4240@{#378}) on port 12270
Only local connections are allowed.
Please see https://chromedriver.chromium.org/security-considerati1o6n0s7 9fo5r 0su0g9g6e0s2t6i	goenckso odnr kieevpienrg 	ChrIomNeDFriOve	rL siasfet.en
ing on 127.0.0.1:43661
ChromeDriver was started successfully.
1607950096570	mozrunner::runner	INFO	Running command: "C:\\Program Files\\Mozilla Firefox\\firefox.exe" "--marionette" "-foreground" "-no-remote" "-profile" "C:\\Users\\ALFIN~1.ANT\\AppData\\Local\\Temp\\rust_mozprofileO0Knhi"
[1607950097.316][WARNING]: This version of ChromeDriver has not been tested with Chrome version 87.
Can't find symbol 'eglSwapBuffersWithDamageEXT'.
Can't find symbol 'eglSetDamageRegionKHR'.
Dec 14, 2020 6:18:19 PM org.openqa.selenium.remote.ProtocolHandshake createSession
INFO: Detected dialect: W3C
JavaScript error: resource://gre/modules/XULStore.jsm, line 66: Error: Can't find profile directory.
console.warn: SearchSettings: "get: No settings file exists, new profile?" (new Error("", "(unknown module)"))
1607950101485	Marionette	INFO	Listening on port 53760
[Parent 7800, Gecko_IOThread] WARNING: file /builds/worker/checkouts/gecko/ipc/chromium/src/base/process_util_win.cc:166
1607950102440	Marionette	WARN	TLS certificate errors will be ignored for this session
Dec 14, 2020 6:18:22 PM org.openqa.selenium.remote.ProtocolHandshake createSession
INFO: Detected dialect: W3C
]]></system-err>
  </testcase>
  <testcase name="cruiseTest[Australia, 03-Jan-2021, 7 To 9 night(s), Carnival Cruise Lines](1)" classname="com.atmecs.yatra.testscript.YatraCruiseTest" time="5.711">
    <system-out><![CDATA[Entering destination
Entering depature date
Entering day_duration
Entering cruiseline
Clicking search cruise button
cruiseTest Passed!!
]]></system-out>
    <system-err><![CDATA[Starting ChromeDriver 86.0.4240.22 (398b0743353ff36fb1b82468f63a3a93b4e2e89e-refs/branch-heads/4240@{#378}) on port 34623
Only local connections are allowed.
Please see https://chromedriver.chromium.org/security-considerations for suggestions on keeping ChromeDriver safe.
ChromeDriver was started successfully.
[1607950114.563][WARNING]: This version of ChromeDriver has not been tested with Chrome version 87.
]]></system-err>
  </testcase>
  <testcase name="cruiseTest[Australasia, 06-Oct-2021, 1 To 3 night(s), Princess](2)" classname="com.atmecs.yatra.testscript.YatraCruiseTest" time="4.99">
    <system-out><![CDATA[https://www.yatra.com/
cruiseTest Strated!!
Clicking the + More option
Clicking the cruise menu
Entering destination
Entering depature date
Entering day_duration
Entering cruiseline
Clicking search cruise button
cruiseTest Passed!!
]]></system-out>
    <system-err><![CDATA[1607950114717	Marionette	INFO	Stopped listening on port 53760
Dec 14, 2020 6:18:36 PM org.openqa.selenium.remote.ProtocolHandshake createSession
INFO: Detected dialect: W3C

###!!! [Child][RunMessage] Error: Channel closing: too late to send/recv, messages will be lost


###!!! [Child][MessageChannel::SendAndWait] Error: Channel error: cannot send/recv

1607950119036	geckodriver	INFO	Listening on 127.0.0.1:12420
1607950119484	mozrunner::runner	INFO	Running command: "C:\\Program Files\\Mozilla Firefox\\firefox.exe" "--marionette" "-foreground" "-no-remote" "-profile" "C:\\Users\\ALFIN~1.ANT\\AppData\\Local\\Temp\\rust_mozprofile9hyLVg"
Can't find symbol 'eglSwapBuffersWithDamageEXT'.
Can't find symbol 'eglSetDamageRegionKHR'.
JavaScript error: resource://gre/modules/XULStore.jsm, line 66: Error: Can't find profile directory.
console.warn: SearchSettings: "get: No settings file exists, new profile?" (new Error("", "(unknown module)"))
1607950124191	Marionette	INFO	Listening on port 53933
1607950124271	Marionette	WARN	TLS certificate errors will be ignored for this session
Dec 14, 2020 6:18:44 PM org.openqa.selenium.remote.ProtocolHandshake createSession
INFO: Detected dialect: W3C
]]></system-err>
  </testcase>
  <testcase name="cruiseTest[Australasia, 06-Oct-2021, 1 To 3 night(s), Princess](2)" classname="com.atmecs.yatra.testscript.YatraCruiseTest" time="1.437">
    <failure message="Element &lt;a id=&quot;booking_engine_cruise&quot; class=&quot;relative&quot; href=&quot;cruise&quot;&gt; could not be scrolled into view&#10;Build info: version: &apos;3.141.59&apos;, revision: &apos;e82be7d358&apos;, time: &apos;2018-11-14T08:17:03&apos;&#10;System info: host: &apos;ATMECSINLT-601&apos;, ip: &apos;192.168.163.1&apos;, os.name: &apos;Windows 10&apos;, os.arch: &apos;amd64&apos;, os.version: &apos;10.0&apos;, java.version: &apos;14.0.1&apos;&#10;Driver info: org.openqa.selenium.firefox.FirefoxDriver&#10;Capabilities {acceptInsecureCerts: true, browserName: firefox, browserVersion: 83.0, javascriptEnabled: true, moz:accessibilityChecks: false, moz:buildID: 20201112153044, moz:geckodriverVersion: 0.28.0, moz:headless: false, moz:processID: 18716, moz:profile: C:\Users\alfin.anthonyraj\A..., moz:shutdownTimeout: 60000, moz:useNonSpecCompliantPointerOrigin: false, moz:webdriverClick: true, pageLoadStrategy: normal, platform: WINDOWS, platformName: WINDOWS, platformVersion: 10.0, rotatable: false, setWindowRect: true, strictFileInteractability: false, timeouts: {implicit: 0, pageLoad: 300000, script: 30000}, unhandledPromptBehavior: dismiss and notify}&#10;Session ID: 50ee0810-8cbc-4f4d-b68b-a653442e826c" type="org.openqa.selenium.ElementNotInteractableException"><![CDATA[org.openqa.selenium.ElementNotInteractableException: 
Element <a id="booking_engine_cruise" class="relative" href="cruise"> could not be scrolled into view
Build info: version: '3.141.59', revision: 'e82be7d358', time: '2018-11-14T08:17:03'
System info: host: 'ATMECSINLT-601', ip: '192.168.163.1', os.name: 'Windows 10', os.arch: 'amd64', os.version: '10.0', java.version: '14.0.1'
Driver info: org.openqa.selenium.firefox.FirefoxDriver
Capabilities {acceptInsecureCerts: true, browserName: firefox, browserVersion: 83.0, javascriptEnabled: true, moz:accessibilityChecks: false, moz:buildID: 20201112153044, moz:geckodriverVersion: 0.28.0, moz:headless: false, moz:processID: 18716, moz:profile: C:\Users\alfin.anthonyraj\A..., moz:shutdownTimeout: 60000, moz:useNonSpecCompliantPointerOrigin: false, moz:webdriverClick: true, pageLoadStrategy: normal, platform: WINDOWS, platformName: WINDOWS, platformVersion: 10.0, rotatable: false, setWindowRect: true, strictFileInteractability: false, timeouts: {implicit: 0, pageLoad: 300000, script: 30000}, unhandledPromptBehavior: dismiss and notify}
Session ID: 50ee0810-8cbc-4f4d-b68b-a653442e826c
	at com.atmecs.yatra.testscript.YatraCruiseTest.cruiseTest(YatraCruiseTest.java:16)
]]></failure>
    <system-out><![CDATA[https://www.yatra.com/
cruiseTest Strated!!
Clicking the + More option
Clicking the cruise menu
cruiseTest Failed!!
]]></system-out>
    <system-err><![CDATA[Starting ChromeDriver 86.0.4240.22 (398b0743353ff36fb1b82468f63a3a93b4e2e89e-refs/branch-heads/4240@{#378}) on port 45983
Only local connections are allowed.
Please see https://chromedriver.chromium.org/security-considerations for suggestions on keeping ChromeDriver safe.
ChromeDriver was started successfully.
[1607950134.437][WARNING]: This version of ChromeDriver has not been tested with Chrome version 87.
JavaScript warning: https://ssl.widgets.webengage.com/js/jquery/jquery-1.3.2.min.js, line 19: unreachable code after return statement
Dec 14, 2020 6:18:56 PM org.openqa.selenium.remote.ProtocolHandshake createSession
INFO: Detected dialect: W3C
]]></system-err>
  </testcase>
  <testcase name="cruiseTest[Carribean, 04-Nov-2021, 7 To 9 night(s), MSC Cruises](3)" classname="com.atmecs.yatra.testscript.YatraCruiseTest" time="5.547">
    <system-out><![CDATA[https://www.yatra.com/
cruiseTest Strated!!
Clicking the + More option
Clicking the cruise menu
Entering destination
Entering depature date
Entering day_duration
Entering cruiseline
Clicking search cruise button
cruiseTest Passed!!
]]></system-out>
    <system-err><![CDATA[1607950136833	Marionette	INFO	Stopped listening on port 53933
JavaScript error: , line 0: uncaught exception: undefined
JavaScript error: , line 0: TypeError: NetworkError when attempting to fetch resource.
[Parent 18716, Gecko_IOThread] WARNING: file /builds/worker/checkouts/gecko/ipc/chromium/src/base/process_util_win.cc:166

###!!! [Child][RunMessage] Error: Channel closing: too late to send/recv, messages will be lost


###!!! [Child][MessageChannel::SendAndWait] Error: Channel error: cannot send/recv

1607950142697	geckodriver	INFO	Listening on 127.0.0.1:33948
1607950143147	mozrunner::runner	INFO	Running command: "C:\\Program Files\\Mozilla Firefox\\firefox.exe" "--marionette" "-foreground" "-no-remote" "-profile" "C:\\Users\\ALFIN~1.ANT\\AppData\\Local\\Temp\\rust_mozprofilewAi1Cl"
Can't find symbol 'eglSwapBuffersWithDamageEXT'.
Can't find symbol 'eglSetDamageRegionKHR'.
JavaScript error: resource://gre/modules/XULStore.jsm, line 66: Error: Can't find profile directory.
console.warn: SearchSettings: "get: No settings file exists, new profile?" (new Error("", "(unknown module)"))
]]></system-err>
  </testcase>
  <testcase name="cruiseTest[Carribean, 04-Nov-2021, 7 To 9 night(s), MSC Cruises](3)" classname="com.atmecs.yatra.testscript.YatraCruiseTest" time="0.727">
    <failure message="Element &lt;li class=&quot;list-more-tab&quot;&gt; is not clickable at point (730,59) because another element &lt;iframe id=&quot;webklipper-publisher-widget-container-notification-frame&quot; name=&quot;notification-frame-~55870753&quot;&gt; obscures it&#10;Build info: version: &apos;3.141.59&apos;, revision: &apos;e82be7d358&apos;, time: &apos;2018-11-14T08:17:03&apos;&#10;System info: host: &apos;ATMECSINLT-601&apos;, ip: &apos;192.168.163.1&apos;, os.name: &apos;Windows 10&apos;, os.arch: &apos;amd64&apos;, os.version: &apos;10.0&apos;, java.version: &apos;14.0.1&apos;&#10;Driver info: org.openqa.selenium.firefox.FirefoxDriver&#10;Capabilities {acceptInsecureCerts: true, browserName: firefox, browserVersion: 83.0, javascriptEnabled: true, moz:accessibilityChecks: false, moz:buildID: 20201112153044, moz:geckodriverVersion: 0.28.0, moz:headless: false, moz:processID: 22960, moz:profile: C:\Users\alfin.anthonyraj\A..., moz:shutdownTimeout: 60000, moz:useNonSpecCompliantPointerOrigin: false, moz:webdriverClick: true, pageLoadStrategy: normal, platform: WINDOWS, platformName: WINDOWS, platformVersion: 10.0, rotatable: false, setWindowRect: true, strictFileInteractability: false, timeouts: {implicit: 0, pageLoad: 300000, script: 30000}, unhandledPromptBehavior: dismiss and notify}&#10;Session ID: 58bbd203-e56d-4ca5-bcdb-f400de0bae73" type="org.openqa.selenium.ElementClickInterceptedException"><![CDATA[org.openqa.selenium.ElementClickInterceptedException: 
Element <li class="list-more-tab"> is not clickable at point (730,59) because another element <iframe id="webklipper-publisher-widget-container-notification-frame" name="notification-frame-~55870753"> obscures it
Build info: version: '3.141.59', revision: 'e82be7d358', time: '2018-11-14T08:17:03'
System info: host: 'ATMECSINLT-601', ip: '192.168.163.1', os.name: 'Windows 10', os.arch: 'amd64', os.version: '10.0', java.version: '14.0.1'
Driver info: org.openqa.selenium.firefox.FirefoxDriver
Capabilities {acceptInsecureCerts: true, browserName: firefox, browserVersion: 83.0, javascriptEnabled: true, moz:accessibilityChecks: false, moz:buildID: 20201112153044, moz:geckodriverVersion: 0.28.0, moz:headless: false, moz:processID: 22960, moz:profile: C:\Users\alfin.anthonyraj\A..., moz:shutdownTimeout: 60000, moz:useNonSpecCompliantPointerOrigin: false, moz:webdriverClick: true, pageLoadStrategy: normal, platform: WINDOWS, platformName: WINDOWS, platformVersion: 10.0, rotatable: false, setWindowRect: true, strictFileInteractability: false, timeouts: {implicit: 0, pageLoad: 300000, script: 30000}, unhandledPromptBehavior: dismiss and notify}
Session ID: 58bbd203-e56d-4ca5-bcdb-f400de0bae73
	at com.atmecs.yatra.testscript.YatraCruiseTest.cruiseTest(YatraCruiseTest.java:16)
]]></failure>
    <system-out><![CDATA[https://www.yatra.com/
cruiseTest Strated!!
Clicking the + More option
cruiseTest Failed!!
https://www.yatra.com/
]]></system-out>
    <system-err><![CDATA[1607950148766	Marionette	INFO	Listening on port 54089
1607950148977	Marionette	WARN	TLS certificate errors will be ignored for this session
Dec 14, 2020 6:19:09 PM org.openqa.selenium.remote.ProtocolHandshake createSession
INFO: Detected dialect: W3C
Starting ChromeDriver 86.0.4240.22 (398b0743353ff36fb1b82468f63a3a93b4e2e89e-refs/branch-heads/4240@{#378}) on port 46373
Only local connections are allowed.
Please see https://chromedriver.chromium.org/security-considerations for suggestions on keeping ChromeDriver safe.
ChromeDriver was started successfully.
[1607950154.743][WARNING]: This version of ChromeDriver has not been tested with Chrome version 87.
Dec 14, 2020 6:19:16 PM org.openqa.selenium.remote.ProtocolHandshake createSession
INFO: Detected dialect: W3C
JavaScript warning: https://ssl.widgets.webengage.com/js/jquery/jquery-1.3.2.min.js, line 19: unreachable code after return statement
]]></system-err>
  </testcase>
  <testcase name="cruiseTest[Pacific Coastal , 01-Jan-2022, 1 To 3 night(s), Princess](4)" classname="com.atmecs.yatra.testscript.YatraCruiseTest" time="8.851">
    <system-out><![CDATA[cruiseTest Strated!!
Clicking the + More option
Clicking the cruise menu
Entering destination
Entering depature date
Entering day_duration
Entering cruiseline
Clicking search cruise button
cruiseTest Passed!!
]]></system-out>
    <system-err><![CDATA[1607950161423	Marionette	INFO	Stopped listening on port 54089

###!!! [Child][RunMessage] Error: Channel closing: too late to send/recv, messages will be lost


###!!! [Child][MessageChannel::SendAndWait] Error: Channel error: cannot send/recv

1607950171058	geckodriver	INFO	Listening on 127.0.0.1:21051
1607950171541	mozrunner::runner	INFO	Running command: "C:\\Program Files\\Mozilla Firefox\\firefox.exe" "--marionette" "-foreground" "-no-remote" "-profile" "C:\\Users\\ALFIN~1.ANT\\AppData\\Local\\Temp\\rust_mozprofileghTSL9"
Can't find symbol 'eglSwapBuffersWithDamageEXT'.
Can't find symbol 'eglSetDamageRegionKHR'.
]]></system-err>
  </testcase>
  <testcase name="cruiseTest[Pacific Coastal , 01-Jan-2022, 1 To 3 night(s), Princess](4)" classname="com.atmecs.yatra.testscript.YatraCruiseTest" time="6.611">
    <system-out><![CDATA[https://www.yatra.com/
cruiseTest Strated!!
Clicking the + More option
Clicking the cruise menu
https://www.yatra.com/
Entering destination
Entering depature date
Entering day_duration
Entering cruiseline
Clicking search cruise button
cruiseTest Passed!!
]]></system-out>
    <system-err><![CDATA[JavaScript error: resource://gre/modules/XULStore.jsm, line 66: Error: Can't find profile directory.
console.warn: SearchSettings: "get: No settings file exists, new profile?" (new Error("", "(unknown module)"))
Starting ChromeDriver 86.0.4240.22 (398b0743353ff36fb1b82468f63a3a93b4e2e89e-refs/branch-heads/4240@{#378}) on port 17761
Only local connections are allowed.
Please see https://chromedriver.chromium.org/security-considerations for suggestions on keeping ChromeDriver safe.
ChromeDriver was started successfully.
1607950182387	Marionette	INFO	Listening on port 54273
1607950182416	Marionette	WARN	TLS certificate errors will be ignored for this session
Dec 14, 2020 6:19:42 PM org.openqa.selenium.remote.ProtocolHandshake createSession
INFO: Detected dialect: W3C
[1607950184.588][WARNING]: This version of ChromeDriver has not been tested with Chrome version 87.
Dec 14, 2020 6:19:46 PM org.openqa.selenium.remote.ProtocolHandshake createSession
INFO: Detected dialect: W3C
]]></system-err>
  </testcase>
  <testcase name="cruiseTest[Carribean Eastern, 01-Mar-2022, 14 and more night(s), Holland America](5)" classname="com.atmecs.yatra.testscript.YatraCruiseTest" time="4.202">
    <system-out><![CDATA[cruiseTest Strated!!
Clicking the + More option
Clicking the cruise menu
Entering destination
Entering depature date
Entering day_duration
Entering cruiseline
Clicking search cruise button
cruiseTest Passed!!
]]></system-out>
    <system-err><![CDATA[1607950195351	Marionette	INFO	Stopped listening on port 54273

###!!! [Child][RunMessage] Error: Channel closing: too late to send/recv, messages will be lost


###!!! [Child][RunMessage] Error: Channel closing: too late to send/recv, messages will be lost


###!!! [Child][MessageChannel::SendAndWait] Error: Channel error: cannot send/recv

]]></system-err>
  </testcase>
  <testcase name="cruiseTest[Carribean Eastern, 01-Mar-2022, 14 and more night(s), Holland America](5)" classname="com.atmecs.yatra.testscript.YatraCruiseTest" time="2.743">
    <system-out><![CDATA[https://www.yatra.com/
https://www.yatra.com/
cruiseTest Strated!!
Clicking the + More option
Clicking the cruise menu
yatraMonuments Strated!!
Clicking the + More option
Clicking the Monument tab
Checking the top monument section
Section is displayed
Monuments are displayed under the Top Monuments section:6
Entering destination
Entering depature date
Entering day_duration
Top Monuments:true
Top Monuments:true
Top Monuments:true
Entering cruiseline
yatraMonuments Failed!!
Clicking search cruise button
cruiseTest Passed!!
]]></system-out>
    <system-err><![CDATA[1607950202022	geckodriver	INFO	Listening on 127.0.0.1:45347
1607950202552	mozrunner::runner	INFO	Running command: "C:\\Program Files\\Mozilla Firefox\\firefox.exe" "--marionette" "-foreground" "-no-remote" "-profile" "C:\\Users\\ALFIN~1.ANT\\AppData\\Local\\Temp\\rust_mozprofilehEz9EG"
Starting ChromeDriver 86.0.4240.22 (398b0743353ff36fb1b82468f63a3a93b4e2e89e-refs/branch-heads/4240@{#378}) on port 29612
Only local connections are allowed.
Please see https://chromedriver.chromium.org/security-considerations for suggestions on keeping ChromeDriver safe.
ChromeDriver was started successfully.
[1607950206.004][WARNING]: This version of ChromeDriver has not been tested with Chrome version 87.
Can't find symbol 'eglSwapBuffersWithDamageEXT'.
Can't find symbol 'eglSetDamageRegionKHR'.
Dec 14, 2020 6:20:08 PM org.openqa.selenium.remote.ProtocolHandshake createSession
INFO: Detected dialect: W3C
JavaScript error: resource://gre/modules/XULStore.jsm, line 66: Error: Can't find profile directory.
console.warn: SearchSettings: "get: No settings file exists, new profile?" (new Error("", "(unknown module)"))
1607950212843	Marionette	INFO	Listening on port 54465
1607950213069	Marionette	WARN	TLS certificate errors will be ignored for this session
Dec 14, 2020 6:20:13 PM org.openqa.selenium.remote.ProtocolHandshake createSession
INFO: Detected dialect: W3C
JavaScript error: resource://gre/modules/XULStore.jsm, line 66: Error: Can't find profile directory.
JavaScript error: resource://gre/modules/XULStore.jsm, line 66: Error: Can't find profile directory.
JavaScript error: resource://gre/modules/XULStore.jsm, line 66: Error: Can't find profile directory.
JavaScript error: resource://gre/modules/XULStore.jsm, line 66: Error: Can't find profile directory.
JavaScript error: resource://gre/modules/XULStore.jsm, line 66: Error: Can't find profile directory.
JavaScript error: resource://gre/modules/XULStore.jsm, line 66: Error: Can't find profile directory.
]]></system-err>
  </testcase>
  <testcase name="yatraMonuments" classname="com.atmecs.yatra.testscript.YatraMonumentsTest" time="1.187">
    <system-out><![CDATA[https://www.yatra.com/
yatraMonuments Strated!!
Clicking the + More option
Clicking the Monument tab
Checking the top monument section
Section is displayed
Monuments are displayed under the Top Monuments section:6
Top Monuments:true
Top Monuments:true
Top Monuments:true
Top Monuments:true
Top Monuments:true
Top Monuments:true
yatraMonuments Passed!!
]]></system-out>
    <system-err><![CDATA[1607950225196	Marionette	INFO	Stopped listening on port 54465

###!!! [Child][RunMessage] Error: Channel closing: too late to send/recv, messages will be lost


###!!! [Child][MessageChannel::SendAndWait] Error: Channel error: cannot send/recv

1607950232017	geckodriver	INFO	Listening on 127.0.0.1:4932
1607950232440	mozrunner::runner	INFO	Running command: "C:\\Program Files\\Mozilla Firefox\\firefox.exe" "--marionette" "-foreground" "-no-remote" "-profile" "C:\\Users\\ALFIN~1.ANT\\AppData\\Local\\Temp\\rust_mozprofileCSWFOh"
Can't find symbol 'eglSwapBuffersWithDamageEXT'.
Can't find symbol 'eglSetDamageRegionKHR'.
[1607950234.720][SEVERE]: Timed out receiving message from renderer: 10.000
[1607950234.720][WARNING]: screenshot failed, retrying timeout: Timed out receiving message from renderer: 10.000
JavaScript error: resource://gre/modules/XULStore.jsm, line 66: Error: Can't find profile directory.
console.warn: SearchSettings: "get: No settings file exists, new profile?" (new Error("", "(unknown module)"))
1607950238336	Marionette	INFO	Listening on port 54628
1607950238739	Marionette	WARN	TLS certificate errors will be ignored for this session
Dec 14, 2020 6:20:38 PM org.openqa.selenium.remote.ProtocolHandshake createSession
INFO: Detected dialect: W3C
[1607950244.720][SEVERE]: Timed out receiving message from renderer: 10.000
]]></system-err>
  </testcase>
  <testcase name="yatraMonuments" classname="com.atmecs.yatra.testscript.YatraMonumentsTest" time="9.795">
    <failure message="stale element reference: element is not attached to the page document&#10;  (Session info: chrome=87.0.4280.88)&#10;For documentation on this error, please visit: https://www.seleniumhq.org/exceptions/stale_element_reference.html&#10;Build info: version: &apos;3.141.59&apos;, revision: &apos;e82be7d358&apos;, time: &apos;2018-11-14T08:17:03&apos;&#10;System info: host: &apos;ATMECSINLT-601&apos;, ip: &apos;192.168.163.1&apos;, os.name: &apos;Windows 10&apos;, os.arch: &apos;amd64&apos;, os.version: &apos;10.0&apos;, java.version: &apos;14.0.1&apos;&#10;Driver info: org.openqa.selenium.chrome.ChromeDriver&#10;Capabilities {acceptInsecureCerts: false, browserName: chrome, browserVersion: 87.0.4280.88, chrome: {chromedriverVersion: 86.0.4240.22 (398b0743353ff..., userDataDir: C:\Users\ALFIN~1.ANT\AppDat...}, goog:chromeOptions: {debuggerAddress: localhost:54472}, javascriptEnabled: true, networkConnectionEnabled: false, pageLoadStrategy: normal, platform: WINDOWS, platformName: WINDOWS, proxy: Proxy(), setWindowRect: true, strictFileInteractability: false, timeouts: {implicit: 0, pageLoad: 300000, script: 30000}, unhandledPromptBehavior: dismiss and notify, webauthn:virtualAuthenticators: true}&#10;Session ID: 435af4afe967591566811d7dfb283bda" type="org.openqa.selenium.StaleElementReferenceException"><![CDATA[org.openqa.selenium.StaleElementReferenceException: 
stale element reference: element is not attached to the page document
  (Session info: chrome=87.0.4280.88)
For documentation on this error, please visit: https://www.seleniumhq.org/exceptions/stale_element_reference.html
Build info: version: '3.141.59', revision: 'e82be7d358', time: '2018-11-14T08:17:03'
System info: host: 'ATMECSINLT-601', ip: '192.168.163.1', os.name: 'Windows 10', os.arch: 'amd64', os.version: '10.0', java.version: '14.0.1'
Driver info: org.openqa.selenium.chrome.ChromeDriver
Capabilities {acceptInsecureCerts: false, browserName: chrome, browserVersion: 87.0.4280.88, chrome: {chromedriverVersion: 86.0.4240.22 (398b0743353ff..., userDataDir: C:\Users\ALFIN~1.ANT\AppDat...}, goog:chromeOptions: {debuggerAddress: localhost:54472}, javascriptEnabled: true, networkConnectionEnabled: false, pageLoadStrategy: normal, platform: WINDOWS, platformName: WINDOWS, proxy: Proxy(), setWindowRect: true, strictFileInteractability: false, timeouts: {implicit: 0, pageLoad: 300000, script: 30000}, unhandledPromptBehavior: dismiss and notify, webauthn:virtualAuthenticators: true}
Session ID: 435af4afe967591566811d7dfb283bda
	at com.atmecs.yatra.testscript.YatraMonumentsTest.yatraMonuments(YatraMonumentsTest.java:15)
]]></failure>
    <system-err><![CDATA[1607950248996	Marionette	INFO	Stopped listening on port 54628

###!!! [Child][MessageChannel::SendAndWait] Error: Channel error: cannot send/recv

[1607950254.735][SEVERE]: Timed out receiving message from renderer: 10.000
[1607950254.735][WARNING]: screenshot failed, retrying timeout: Timed out receiving message from renderer: 10.000
]]></system-err>
  </testcase>
</testsuite>