<?xml version="1.0" encoding="UTF-8"?>
<!-- Generated by org.testng.reporters.JUnitReportReporter -->
<testsuite hostname="ATMECSINLT-601" failures="0" tests="10" name="com.atmecs.yatra.testscript.YatraCruiseTest" time="215.054" errors="1" timestamp="2020-12-14T18:35:11 IST" skipped="0">
  <testcase classname="com.atmecs.yatra.testscript.YatraCruiseTest" name="cruiseTest" time="19.343"/>
  <system-out/>
  <testcase classname="com.atmecs.yatra.testscript.YatraCruiseTest" name="cruiseTest" time="17.584"/>
  <system-out/>
  <testcase classname="com.atmecs.yatra.testscript.YatraCruiseTest" name="cruiseTest" time="26.535"/>
  <system-out/>
  <testcase classname="com.atmecs.yatra.testscript.YatraCruiseTest" name="cruiseTest" time="14.496"/>
  <system-out/>
  <testcase classname="com.atmecs.yatra.testscript.YatraCruiseTest" name="cruiseTest" time="18.392"/>
  <system-out/>
  <testcase classname="com.atmecs.yatra.testscript.YatraCruiseTest" name="cruiseTest" time="28.093"/>
  <system-out/>
  <testcase classname="com.atmecs.yatra.testscript.YatraCruiseTest" name="cruiseTest" time="22.809"/>
  <system-out/>
  <testcase classname="com.atmecs.yatra.testscript.YatraCruiseTest" name="cruiseTest" time="23.886"/>
  <system-out/>
  <testcase classname="com.atmecs.yatra.testscript.YatraCruiseTest" name="cruiseTest" time="16.603">
    <error message="Element &lt;li class=&quot;list-more-tab&quot;&gt; is not clickable at point (730,59) because another element &lt;iframe id=&quot;webklipper-publisher-widget-container-notification-frame&quot; name=&quot;notification-frame-~55870753&quot;&gt; obscures it
Build info: version: &#039;3.141.59&#039;, revision: &#039;e82be7d358&#039;, time: &#039;2018-11-14T08:17:03&#039;
System info: host: &#039;ATMECSINLT-601&#039;, ip: &#039;192.168.163.1&#039;, os.name: &#039;Windows 10&#039;, os.arch: &#039;amd64&#039;, os.version: &#039;10.0&#039;, java.version: &#039;14.0.1&#039;
Driver info: org.openqa.selenium.firefox.FirefoxDriver
Capabilities {acceptInsecureCerts: true, browserName: firefox, browserVersion: 83.0, javascriptEnabled: true, moz:accessibilityChecks: false, moz:buildID: 20201112153044, moz:geckodriverVersion: 0.28.0, moz:headless: false, moz:processID: 3380, moz:profile: C:\Users\alfin.anthonyraj\A..., moz:shutdownTimeout: 60000, moz:useNonSpecCompliantPointerOrigin: false, moz:webdriverClick: true, pageLoadStrategy: normal, platform: WINDOWS, platformName: WINDOWS, platformVersion: 10.0, rotatable: false, setWindowRect: true, strictFileInteractability: false, timeouts: {implicit: 0, pageLoad: 300000, script: 30000}, unhandledPromptBehavior: dismiss and notify}
Session ID: 71b3023b-4975-4698-aa1e-94552403bef7" type="org.openqa.selenium.ElementClickInterceptedException">
      <![CDATA[org.openqa.selenium.ElementClickInterceptedException: Element <li class="list-more-tab"> is not clickable at point (730,59) because another element <iframe id="webklipper-publisher-widget-container-notification-frame" name="notification-frame-~55870753"> obscures it
Build info: version: '3.141.59', revision: 'e82be7d358', time: '2018-11-14T08:17:03'
System info: host: 'ATMECSINLT-601', ip: '192.168.163.1', os.name: 'Windows 10', os.arch: 'amd64', os.version: '10.0', java.version: '14.0.1'
Driver info: org.openqa.selenium.firefox.FirefoxDriver
Capabilities {acceptInsecureCerts: true, browserName: firefox, browserVersion: 83.0, javascriptEnabled: true, moz:accessibilityChecks: false, moz:buildID: 20201112153044, moz:geckodriverVersion: 0.28.0, moz:headless: false, moz:processID: 3380, moz:profile: C:\Users\alfin.anthonyraj\A..., moz:shutdownTimeout: 60000, moz:useNonSpecCompliantPointerOrigin: false, moz:webdriverClick: true, pageLoadStrategy: normal, platform: WINDOWS, platformName: WINDOWS, platformVersion: 10.0, rotatable: false, setWindowRect: true, strictFileInteractability: false, timeouts: {implicit: 0, pageLoad: 300000, script: 30000}, unhandledPromptBehavior: dismiss and notify}
Session ID: 71b3023b-4975-4698-aa1e-94552403bef7
at java.base/jdk.internal.reflect.NativeConstructorAccessorImpl.newInstance0(Native Method)
at java.base/jdk.internal.reflect.NativeConstructorAccessorImpl.newInstance(NativeConstructorAccessorImpl.java:62)
at java.base/jdk.internal.reflect.DelegatingConstructorAccessorImpl.newInstance(DelegatingConstructorAccessorImpl.java:45)
at java.base/java.lang.reflect.Constructor.newInstanceWithCaller(Constructor.java:500)
at java.base/java.lang.reflect.Constructor.newInstance(Constructor.java:481)
at org.openqa.selenium.remote.http.W3CHttpResponseCodec.createException(W3CHttpResponseCodec.java:187)
at org.openqa.selenium.remote.http.W3CHttpResponseCodec.decode(W3CHttpResponseCodec.java:122)
at org.openqa.selenium.remote.http.W3CHttpResponseCodec.decode(W3CHttpResponseCodec.java:49)
at org.openqa.selenium.remote.HttpCommandExecutor.execute(HttpCommandExecutor.java:158)
at org.openqa.selenium.remote.service.DriverCommandExecutor.execute(DriverCommandExecutor.java:83)
at org.openqa.selenium.remote.RemoteWebDriver.execute(RemoteWebDriver.java:552)
at org.openqa.selenium.remote.RemoteWebElement.execute(RemoteWebElement.java:285)
at org.openqa.selenium.remote.RemoteWebElement.click(RemoteWebElement.java:84)
at com.atmecs.yatra.methods.YatraCruiseMethods.clickMoreLink(YatraCruiseMethods.java:24)
at com.atmecs.yatra.page.YatraCruisePage.cruisePage(YatraCruisePage.java:37)
at com.atmecs.yatra.testscript.YatraCruiseTest.cruiseTest(YatraCruiseTest.java:16)
at java.base/jdk.internal.reflect.NativeMethodAccessorImpl.invoke0(Native Method)
at java.base/jdk.internal.reflect.NativeMethodAccessorImpl.invoke(NativeMethodAccessorImpl.java:62)
at java.base/jdk.internal.reflect.DelegatingMethodAccessorImpl.invoke(DelegatingMethodAccessorImpl.java:43)
at java.base/java.lang.reflect.Method.invoke(Method.java:564)
at org.testng.internal.MethodInvocationHelper.invokeMethod(MethodInvocationHelper.java:132)
at org.testng.internal.TestInvoker.invokeMethod(TestInvoker.java:599)
at org.testng.internal.TestInvoker.invokeTestMethod(TestInvoker.java:174)
at org.testng.internal.MethodRunner.runInSequence(MethodRunner.java:46)
at org.testng.internal.TestInvoker$MethodInvocationAgent.invoke(TestInvoker.java:822)
at org.testng.internal.TestInvoker.invokeTestMethods(TestInvoker.java:147)
at org.testng.internal.TestMethodWorker.invokeTestMethods(TestMethodWorker.java:146)
at org.testng.internal.TestMethodWorker.run(TestMethodWorker.java:128)
at java.base/java.util.ArrayList.forEach(ArrayList.java:1510)
at org.testng.TestRunner.privateRun(TestRunner.java:764)
at org.testng.TestRunner.run(TestRunner.java:585)
at org.testng.SuiteRunner.runTest(SuiteRunner.java:384)
at org.testng.SuiteRunner.access$000(SuiteRunner.java:28)
at org.testng.SuiteRunner$SuiteWorker.run(SuiteRunner.java:425)
at org.testng.internal.thread.ThreadUtil.lambda$execute$0(ThreadUtil.java:66)
at java.base/java.util.concurrent.FutureTask.run(FutureTask.java:264)
at java.base/java.util.concurrent.ThreadPoolExecutor.runWorker(ThreadPoolExecutor.java:1130)
at java.base/java.util.concurrent.ThreadPoolExecutor$Worker.run(ThreadPoolExecutor.java:630)
at java.base/java.lang.Thread.run(Thread.java:832)
]]>
    </error>
  </testcase> <!-- cruiseTest -->
  <system-out/>
  <testcase classname="com.atmecs.yatra.testscript.YatraCruiseTest" name="cruiseTest" time="27.313"/>
  <system-out/>
</testsuite> <!-- com.atmecs.yatra.testscript.YatraCruiseTest -->
