<?xml version="1.0" encoding="UTF-8"?>
<!-- Generated by org.testng.reporters.JUnitReportReporter -->
<testsuite hostname="ATMECSINLT-601" failures="0" tests="2" name="com.atmecs.yatra.testscript.YatraMonumentsTest" time="33.123" errors="0" timestamp="2020-12-14T18:35:11 IST" skipped="0">
  <testcase classname="com.atmecs.yatra.testscript.YatraMonumentsTest" name="yatraMonuments" time="14.559"/>
  <system-out/>
  <testcase classname="com.atmecs.yatra.testscript.YatraMonumentsTest" name="yatraMonuments" time="18.564"/>
  <system-out/>
</testsuite> <!-- com.atmecs.yatra.testscript.YatraMonumentsTest -->
