<?xml version="1.0" encoding="UTF-8"?>
<!-- Generated by org.testng.reporters.JUnitReportReporter -->
<testsuite hostname="ATMECSINLT-601" failures="0" tests="2" name="com.atmecs.yatra.testscript.YatraMonumentsTest" time="103.951" errors="0" timestamp="2020-12-14T17:37:26 IST" skipped="0">
  <testcase classname="com.atmecs.yatra.testscript.YatraMonumentsTest" name="yatraMonuments" time="44.130"/>
  <system-out/>
  <testcase classname="com.atmecs.yatra.testscript.YatraMonumentsTest" name="yatraMonuments" time="59.821"/>
  <system-out/>
</testsuite> <!-- com.atmecs.yatra.testscript.YatraMonumentsTest -->
