<?xml version="1.0" encoding="UTF-8"?>
<!-- Generated by org.testng.reporters.JUnitReportReporter -->
<testsuite hostname="ATMECSINLT-601" failures="0" tests="2" name="com.atmecs.yatra.testscript.YatraMonumentsTest" time="37.137" errors="0" timestamp="2020-12-15T16:15:26 IST" skipped="0">
  <testcase classname="com.atmecs.yatra.testscript.YatraMonumentsTest" name="yatraMonuments" time="15.274"/>
  <system-out>
Clicking the + More option Clicking the Monument tab Checking the top monument section  </system-out>
  <testcase classname="com.atmecs.yatra.testscript.YatraMonumentsTest" name="yatraMonuments" time="21.863"/>
  <system-out>
Clicking the + More option Clicking the Monument tab Checking the top monument section  </system-out>
</testsuite> <!-- com.atmecs.yatra.testscript.YatraMonumentsTest -->
