<?xml version="1.0" encoding="UTF-8"?>
<!-- Generated by org.testng.reporters.JUnitReportReporter -->
<testsuite hostname="ATMECSINLT-601" failures="0" tests="1" name="com.atmecs.yatra.testscript.YatraCruiseTest" time="45.847" errors="0" timestamp="2020-12-17T16:12:23 IST" skipped="0">
  <testcase classname="com.atmecs.yatra.testscript.YatraCruiseTest" name="cruiseTest" time="45.847"/>
  <system-out/>
</testsuite> <!-- com.atmecs.yatra.testscript.YatraCruiseTest -->
