<?xml version="1.0" encoding="UTF-8"?>
<!-- Generated by org.testng.reporters.JUnitReportReporter -->
<testsuite skipped="0" hostname="ATMECSINLT-601" name="com.atmecs.yatra.testscript.YatraCruiseTest" tests="10" failures="0" timestamp="2020-12-14T18:51:48 IST" time="210.748" errors="0">
  <testcase name="cruiseTest" time="17.109" classname="com.atmecs.yatra.testscript.YatraCruiseTest"/>
  <system-out/>
  <testcase name="cruiseTest" time="14.828" classname="com.atmecs.yatra.testscript.YatraCruiseTest"/>
  <system-out/>
  <testcase name="cruiseTest" time="22.264" classname="com.atmecs.yatra.testscript.YatraCruiseTest"/>
  <system-out/>
  <testcase name="cruiseTest" time="23.485" classname="com.atmecs.yatra.testscript.YatraCruiseTest"/>
  <system-out/>
  <testcase name="cruiseTest" time="21.417" classname="com.atmecs.yatra.testscript.YatraCruiseTest"/>
  <system-out/>
  <testcase name="cruiseTest" time="19.234" classname="com.atmecs.yatra.testscript.YatraCruiseTest"/>
  <system-out/>
  <testcase name="cruiseTest" time="24.830" classname="com.atmecs.yatra.testscript.YatraCruiseTest"/>
  <system-out/>
  <testcase name="cruiseTest" time="19.831" classname="com.atmecs.yatra.testscript.YatraCruiseTest"/>
  <system-out/>
  <testcase name="cruiseTest" time="24.535" classname="com.atmecs.yatra.testscript.YatraCruiseTest"/>
  <system-out/>
  <testcase name="cruiseTest" time="23.215" classname="com.atmecs.yatra.testscript.YatraCruiseTest"/>
  <system-out/>
</testsuite> <!-- com.atmecs.yatra.testscript.YatraCruiseTest -->
